<?xml version="1.0" encoding="UTF-8"?>
<testsuite name="com.web.IndexControllerTest" tests="1" skipped="0" failures="0" errors="0" timestamp="2021-05-22T12:26:39" hostname="Parkjongseok087" time="0.277">
  <properties/>
  <testcase name="메인페이지_로딩" classname="com.web.IndexControllerTest" time="0.277"/>
  <system-out><![CDATA[2021-05-22 21:26:34.391  INFO 8920 --- [    Test worker] .b.t.c.SpringBootTestContextBootstrapper : Neither @ContextConfiguration nor @ContextHierarchy found for test class [com.web.IndexControllerTest], using SpringBootContextLoader
2021-05-22 21:26:34.395  INFO 8920 --- [    Test worker] o.s.t.c.support.AbstractContextLoader    : Could not detect default resource locations for test class [com.web.IndexControllerTest]: no resource found for suffixes {-context.xml, Context.groovy}.
2021-05-22 21:26:34.395  INFO 8920 --- [    Test worker] t.c.s.AnnotationConfigContextLoaderUtils : Could not detect default configuration classes for test class [com.web.IndexControllerTest]: IndexControllerTest does not declare any static, non-private, non-final, nested classes annotated with @Configuration.
2021-05-22 21:26:34.470  INFO 8920 --- [    Test worker] .b.t.c.SpringBootTestContextBootstrapper : Found @SpringBootConfiguration com.Application for test class com.web.IndexControllerTest
2021-05-22 21:26:34.471  INFO 8920 --- [    Test worker] .b.t.c.SpringBootTestContextBootstrapper : Loaded default TestExecutionListener class names from location [META-INF/spring.factories]: [org.springframework.security.test.context.support.WithSecurityContextTestExecutionListener, org.springframework.security.test.context.support.ReactorContextTestExecutionListener, org.springframework.boot.test.autoconfigure.restdocs.RestDocsTestExecutionListener, org.springframework.boot.test.autoconfigure.web.client.MockRestServiceServerResetTestExecutionListener, org.springframework.boot.test.autoconfigure.web.servlet.MockMvcPrintOnlyOnFailureTestExecutionListener, org.springframework.boot.test.autoconfigure.web.servlet.WebDriverTestExecutionListener, org.springframework.boot.test.mock.mockito.MockitoTestExecutionListener, org.springframework.boot.test.mock.mockito.ResetMocksTestExecutionListener, org.springframework.test.context.web.ServletTestExecutionListener, org.springframework.test.context.support.DirtiesContextBeforeModesTestExecutionListener, org.springframework.test.context.support.DependencyInjectionTestExecutionListener, org.springframework.test.context.support.DirtiesContextTestExecutionListener, org.springframework.test.context.transaction.TransactionalTestExecutionListener, org.springframework.test.context.jdbc.SqlScriptsTestExecutionListener]
2021-05-22 21:26:34.473  INFO 8920 --- [    Test worker] .b.t.c.SpringBootTestContextBootstrapper : Using TestExecutionListeners: [org.springframework.test.context.web.ServletTestExecutionListener@1d7a9a59, org.springframework.test.context.support.DirtiesContextBeforeModesTestExecutionListener@7ed92a0d, org.springframework.boot.test.mock.mockito.MockitoTestExecutionListener@1e3178a3, org.springframework.boot.test.autoconfigure.SpringBootDependencyInjectionTestExecutionListener@78d8c25a, org.springframework.test.context.support.DirtiesContextTestExecutionListener@3139374a, org.springframework.test.context.transaction.TransactionalTestExecutionListener@687fa22, org.springframework.test.context.jdbc.SqlScriptsTestExecutionListener@13e66e31, org.springframework.security.test.context.support.WithSecurityContextTestExecutionListener@2d92a405, org.springframework.security.test.context.support.ReactorContextTestExecutionListener@55e9459a, org.springframework.boot.test.autoconfigure.restdocs.RestDocsTestExecutionListener@6c86e3ef, org.springframework.boot.test.autoconfigure.web.client.MockRestServiceServerResetTestExecutionListener@4cb18fa8, org.springframework.boot.test.autoconfigure.web.servlet.MockMvcPrintOnlyOnFailureTestExecutionListener@74bbb8b7, org.springframework.boot.test.autoconfigure.web.servlet.WebDriverTestExecutionListener@6be1f62f, org.springframework.boot.test.mock.mockito.ResetMocksTestExecutionListener@30a3f927]

  .   ____          _            __ _ _
 /\\ / ___'_ __ _ _(_)_ __  __ _ \ \ \ \
( ( )\___ | '_ | '_| | '_ \/ _` | \ \ \ \
 \\/  ___)| |_)| | | | | || (_| |  ) ) ) )
  '  |____| .__|_| |_|_| |_\__, | / / / /
 =========|_|==============|___/=/_/_/_/
 :: Spring Boot ::        (v2.1.7.RELEASE)

2021-05-22 21:26:34.560  INFO 8920 --- [    Test worker] com.web.IndexControllerTest              : Starting IndexControllerTest on Parkjongseok087 with PID 8920 (started by Parkjongseok in C:\newproject-springboot-webservice)
2021-05-22 21:26:34.560  INFO 8920 --- [    Test worker] com.web.IndexControllerTest              : The following profiles are active: oauth
2021-05-22 21:26:35.800  INFO 8920 --- [    Test worker] .s.d.r.c.RepositoryConfigurationDelegate : Bootstrapping Spring Data repositories in DEFAULT mode.
2021-05-22 21:26:36.166  INFO 8920 --- [    Test worker] .s.d.r.c.RepositoryConfigurationDelegate : Finished Spring Data repository scanning in 365ms. Found 2 repository interfaces.
2021-05-22 21:26:36.298  INFO 8920 --- [    Test worker] trationDelegate$BeanPostProcessorChecker : Bean 'org.springframework.transaction.annotation.ProxyTransactionManagementConfiguration' of type [org.springframework.transaction.annotation.ProxyTransactionManagementConfiguration$$EnhancerBySpringCGLIB$$88ebc95a] is not eligible for getting processed by all BeanPostProcessors (for example: not eligible for auto-proxying)
2021-05-22 21:26:36.699  INFO 8920 --- [    Test worker] o.s.b.w.embedded.tomcat.TomcatWebServer  : Tomcat initialized with port(s): 0 (http)
2021-05-22 21:26:36.813  INFO 8920 --- [    Test worker] o.apache.catalina.core.StandardService   : Starting service [Tomcat]
2021-05-22 21:26:36.814  INFO 8920 --- [    Test worker] org.apache.catalina.core.StandardEngine  : Starting Servlet engine: [Apache Tomcat/9.0.22]
2021-05-22 21:26:37.086  INFO 8920 --- [    Test worker] o.a.c.c.C.[Tomcat].[localhost].[/]       : Initializing Spring embedded WebApplicationContext
2021-05-22 21:26:37.087  INFO 8920 --- [    Test worker] o.s.web.context.ContextLoader            : Root WebApplicationContext: initialization completed in 2524 ms
2021-05-22 21:26:37.318  INFO 8920 --- [    Test worker] com.zaxxer.hikari.HikariDataSource       : HikariPool-2 - Starting...
2021-05-22 21:26:37.321  INFO 8920 --- [    Test worker] com.zaxxer.hikari.HikariDataSource       : HikariPool-2 - Start completed.
2021-05-22 21:26:37.596  INFO 8920 --- [    Test worker] o.hibernate.jpa.internal.util.LogHelper  : HHH000204: Processing PersistenceUnitInfo [
	name: default
	...]
2021-05-22 21:26:37.630  INFO 8920 --- [    Test worker] org.hibernate.dialect.Dialect            : HHH000400: Using dialect: org.hibernate.dialect.MySQL5InnoDBDialect
Hibernate: drop table if exists posts
Hibernate: drop table if exists user
Hibernate: create table posts (id bigint not null auto_increment, created_date datetime, modified_date datetime, author varchar(255), content TEXT not null, title varchar(500) not null, primary key (id)) engine=InnoDB
Hibernate: create table user (id bigint not null auto_increment, created_date datetime, modified_date datetime, email varchar(255), name varchar(255) not null, picture varchar(255), role varchar(255) not null, primary key (id)) engine=InnoDB
2021-05-22 21:26:37.697  INFO 8920 --- [    Test worker] o.h.t.schema.internal.SchemaCreatorImpl  : HHH000476: Executing import script 'org.hibernate.tool.schema.internal.exec.ScriptSourceInputNonExistentImpl@31eea70c'
2021-05-22 21:26:37.697  INFO 8920 --- [    Test worker] j.LocalContainerEntityManagerFactoryBean : Initialized JPA EntityManagerFactory for persistence unit 'default'
2021-05-22 21:26:38.238  INFO 8920 --- [    Test worker] o.h.h.i.QueryTranslatorFactoryInitiator  : HHH000397: Using ASTQueryTranslatorFactory
2021-05-22 21:26:38.516  INFO 8920 --- [    Test worker] o.s.s.web.DefaultSecurityFilterChain     : Creating filter chain: any request, [org.springframework.security.web.context.request.async.WebAsyncManagerIntegrationFilter@3191e74d, org.springframework.security.web.context.SecurityContextPersistenceFilter@32b6aab9, org.springframework.security.web.header.HeaderWriterFilter@5c528b86, org.springframework.security.web.authentication.logout.LogoutFilter@10844067, org.springframework.security.oauth2.client.web.OAuth2AuthorizationRequestRedirectFilter@309af0a0, org.springframework.security.oauth2.client.web.OAuth2LoginAuthenticationFilter@7af8ad1, org.springframework.security.web.authentication.ui.DefaultLoginPageGeneratingFilter@17e0d340, org.springframework.security.web.authentication.ui.DefaultLogoutPageGeneratingFilter@268727b5, org.springframework.security.web.savedrequest.RequestCacheAwareFilter@1c531b98, org.springframework.security.web.servletapi.SecurityContextHolderAwareRequestFilter@5415bd2f, org.springframework.security.web.authentication.AnonymousAuthenticationFilter@41ffdc35, org.springframework.security.web.session.SessionManagementFilter@7e67ba2f, org.springframework.security.web.access.ExceptionTranslationFilter@536fa48b, org.springframework.security.web.access.intercept.FilterSecurityInterceptor@5ef93f1d]
2021-05-22 21:26:38.867  INFO 8920 --- [    Test worker] o.s.s.concurrent.ThreadPoolTaskExecutor  : Initializing ExecutorService 'applicationTaskExecutor'
2021-05-22 21:26:38.884  WARN 8920 --- [    Test worker] aWebConfiguration$JpaWebMvcConfiguration : spring.jpa.open-in-view is enabled by default. Therefore, database queries may be performed during view rendering. Explicitly configure spring.jpa.open-in-view to disable this warning
2021-05-22 21:26:38.922  INFO 8920 --- [    Test worker] o.s.b.a.w.s.WelcomePageHandlerMapping    : Adding welcome page template: index
2021-05-22 21:26:39.302  INFO 8920 --- [    Test worker] s.a.ScheduledAnnotationBeanPostProcessor : No TaskScheduler/ScheduledExecutorService bean found for scheduled processing
2021-05-22 21:26:39.332  INFO 8920 --- [    Test worker] o.s.b.w.embedded.tomcat.TomcatWebServer  : Tomcat started on port(s): 8704 (http) with context path ''
2021-05-22 21:26:39.333  INFO 8920 --- [    Test worker] com.web.IndexControllerTest              : Started IndexControllerTest in 4.852 seconds (JVM running for 20.931)
2021-05-22 21:26:39.506  INFO 8920 --- [o-auto-1-exec-1] o.a.c.c.C.[Tomcat].[localhost].[/]       : Initializing Spring DispatcherServlet 'dispatcherServlet'
2021-05-22 21:26:39.506  INFO 8920 --- [o-auto-1-exec-1] o.s.web.servlet.DispatcherServlet        : Initializing Servlet 'dispatcherServlet'
2021-05-22 21:26:39.530  INFO 8920 --- [o-auto-1-exec-1] o.s.web.servlet.DispatcherServlet        : Completed initialization in 24 ms
Hibernate: select posts0_.id as id1_0_, posts0_.created_date as created_2_0_, posts0_.modified_date as modified3_0_, posts0_.author as author4_0_, posts0_.content as content5_0_, posts0_.title as title6_0_ from posts posts0_ order by posts0_.id DESC
]]></system-out>
  <system-err><![CDATA[]]></system-err>
</testsuite>
