<?xml version="1.0" encoding="UTF-8"?>
<testsuite name="com.HelloControllerTest" tests="2" skipped="0" failures="0" errors="0" timestamp="2021-05-25T05:14:59" hostname="webserver.mydomain.com" time="0.112">
  <properties/>
  <testcase name="hellois_Return" classname="com.HelloControllerTest" time="0.045"/>
  <testcase name="helloDto_return" classname="com.HelloControllerTest" time="0.066"/>
  <system-out><![CDATA[2021-05-25 05:14:57.158  INFO 3861 --- [    Test worker] .b.t.a.w.s.WebMvcTestContextBootstrapper : Neither @ContextConfiguration nor @ContextHierarchy found for test class [com.HelloControllerTest], using SpringBootContextLoader
2021-05-25 05:14:57.159  INFO 3861 --- [    Test worker] o.s.t.c.support.AbstractContextLoader    : Could not detect default resource locations for test class [com.HelloControllerTest]: no resource found for suffixes {-context.xml, Context.groovy}.
2021-05-25 05:14:57.159  INFO 3861 --- [    Test worker] t.c.s.AnnotationConfigContextLoaderUtils : Could not detect default configuration classes for test class [com.HelloControllerTest]: HelloControllerTest does not declare any static, non-private, non-final, nested classes annotated with @Configuration.
2021-05-25 05:14:57.207  INFO 3861 --- [    Test worker] .b.t.c.SpringBootTestContextBootstrapper : Found @SpringBootConfiguration com.Application for test class com.HelloControllerTest
2021-05-25 05:14:57.210  INFO 3861 --- [    Test worker] .b.t.a.w.s.WebMvcTestContextBootstrapper : Loaded default TestExecutionListener class names from location [META-INF/spring.factories]: [org.springframework.security.test.context.support.WithSecurityContextTestExecutionListener, org.springframework.security.test.context.support.ReactorContextTestExecutionListener, org.springframework.boot.test.autoconfigure.restdocs.RestDocsTestExecutionListener, org.springframework.boot.test.autoconfigure.web.client.MockRestServiceServerResetTestExecutionListener, org.springframework.boot.test.autoconfigure.web.servlet.MockMvcPrintOnlyOnFailureTestExecutionListener, org.springframework.boot.test.autoconfigure.web.servlet.WebDriverTestExecutionListener, org.springframework.boot.test.mock.mockito.MockitoTestExecutionListener, org.springframework.boot.test.mock.mockito.ResetMocksTestExecutionListener, org.springframework.test.context.web.ServletTestExecutionListener, org.springframework.test.context.support.DirtiesContextBeforeModesTestExecutionListener, org.springframework.test.context.support.DependencyInjectionTestExecutionListener, org.springframework.test.context.support.DirtiesContextTestExecutionListener, org.springframework.test.context.transaction.TransactionalTestExecutionListener, org.springframework.test.context.jdbc.SqlScriptsTestExecutionListener]
2021-05-25 05:14:57.211  INFO 3861 --- [    Test worker] .b.t.a.w.s.WebMvcTestContextBootstrapper : Using TestExecutionListeners: [org.springframework.test.context.web.ServletTestExecutionListener@64f2ba05, org.springframework.test.context.support.DirtiesContextBeforeModesTestExecutionListener@74d1bd, org.springframework.boot.test.mock.mockito.MockitoTestExecutionListener@786cb02e, org.springframework.boot.test.autoconfigure.SpringBootDependencyInjectionTestExecutionListener@74335712, org.springframework.test.context.support.DirtiesContextTestExecutionListener@560f903, org.springframework.test.context.transaction.TransactionalTestExecutionListener@23bf292b, org.springframework.test.context.jdbc.SqlScriptsTestExecutionListener@3ecf10b2, org.springframework.security.test.context.support.WithSecurityContextTestExecutionListener@502a5bbe, org.springframework.security.test.context.support.ReactorContextTestExecutionListener@52001859, org.springframework.boot.test.autoconfigure.restdocs.RestDocsTestExecutionListener@8ac8543, org.springframework.boot.test.autoconfigure.web.client.MockRestServiceServerResetTestExecutionListener@4ea05e64, org.springframework.boot.test.autoconfigure.web.servlet.MockMvcPrintOnlyOnFailureTestExecutionListener@4c551ba5, org.springframework.boot.test.autoconfigure.web.servlet.WebDriverTestExecutionListener@1e4510a6, org.springframework.boot.test.mock.mockito.ResetMocksTestExecutionListener@722f08b0]

  .   ____          _            __ _ _
 /\\ / ___'_ __ _ _(_)_ __  __ _ \ \ \ \
( ( )\___ | '_ | '_| | '_ \/ _` | \ \ \ \
 \\/  ___)| |_)| | | | | || (_| |  ) ) ) )
  '  |____| .__|_| |_|_| |_\__, | / / / /
 =========|_|==============|___/=/_/_/_/
 :: Spring Boot ::        (v2.1.7.RELEASE)

2021-05-25 05:14:57.275  INFO 3861 --- [    Test worker] com.HelloControllerTest                  : Starting HelloControllerTest on webserver.mydomain.com with PID 3861 (started by ec2-user in /home/ec2-user/app/step1/finalproject-springboot)
2021-05-25 05:14:57.278  INFO 3861 --- [    Test worker] com.HelloControllerTest                  : The following profiles are active: oauth
2021-05-25 05:14:59.268  INFO 3861 --- [    Test worker] o.s.s.concurrent.ThreadPoolTaskExecutor  : Initializing ExecutorService 'applicationTaskExecutor'
2021-05-25 05:14:59.322  INFO 3861 --- [    Test worker] o.s.b.a.w.s.WelcomePageHandlerMapping    : Adding welcome page template: index
2021-05-25 05:14:59.691  INFO 3861 --- [    Test worker] .s.s.UserDetailsServiceAutoConfiguration : 

Using generated security password: d92d0ffc-3e8e-4dc0-ba8d-5b9bfe84fd80

2021-05-25 05:14:59.920  INFO 3861 --- [    Test worker] o.s.s.web.DefaultSecurityFilterChain     : Creating filter chain: any request, [org.springframework.security.web.context.request.async.WebAsyncManagerIntegrationFilter@488e5a9d, org.springframework.security.web.context.SecurityContextPersistenceFilter@2ca7d558, org.springframework.security.web.header.HeaderWriterFilter@72ed53c6, org.springframework.security.web.csrf.CsrfFilter@1726120c, org.springframework.security.web.authentication.logout.LogoutFilter@4bc3dd44, org.springframework.security.web.authentication.UsernamePasswordAuthenticationFilter@1b36637b, org.springframework.security.web.authentication.ui.DefaultLoginPageGeneratingFilter@19c2831d, org.springframework.security.web.authentication.ui.DefaultLogoutPageGeneratingFilter@4ab8280d, org.springframework.security.web.authentication.www.BasicAuthenticationFilter@75cd3283, org.springframework.security.web.savedrequest.RequestCacheAwareFilter@302b92e1, org.springframework.security.web.servletapi.SecurityContextHolderAwareRequestFilter@28c08441, org.springframework.security.web.authentication.AnonymousAuthenticationFilter@56fd52f3, org.springframework.security.web.session.SessionManagementFilter@55fc89e5, org.springframework.security.web.access.ExceptionTranslationFilter@5c33a6f, org.springframework.security.web.access.intercept.FilterSecurityInterceptor@7eed77d9]
2021-05-25 05:14:59.940  INFO 3861 --- [    Test worker] o.s.b.t.m.w.SpringBootMockServletContext : Initializing Spring TestDispatcherServlet ''
2021-05-25 05:14:59.946  INFO 3861 --- [    Test worker] o.s.t.web.servlet.TestDispatcherServlet  : Initializing Servlet ''
2021-05-25 05:14:59.948  INFO 3861 --- [    Test worker] o.s.t.web.servlet.TestDispatcherServlet  : Completed initialization in 1 ms
2021-05-25 05:14:59.992  INFO 3861 --- [    Test worker] com.HelloControllerTest                  : Started HelloControllerTest in 2.772 seconds (JVM running for 27.117)
]]></system-out>
  <system-err><![CDATA[]]></system-err>
</testsuite>
