<?xml version="1.0" encoding="UTF-8"?>
<testsuite name="com.web.IndexControllerTest" tests="1" skipped="0" failures="0" errors="0" timestamp="2021-05-20T07:03:22" hostname="newproject.localdomain" time="0.367">
  <properties/>
  <testcase name="메인페이지_로딩" classname="com.web.IndexControllerTest" time="0.367"/>
  <system-out><![CDATA[2021-05-20 07:03:22.725  INFO 9771 --- [    Test worker] .b.t.c.SpringBootTestContextBootstrapper : Neither @ContextConfiguration nor @ContextHierarchy found for test class [com.web.IndexControllerTest], using SpringBootContextLoader
2021-05-20 07:03:22.726  INFO 9771 --- [    Test worker] o.s.t.c.support.AbstractContextLoader    : Could not detect default resource locations for test class [com.web.IndexControllerTest]: no resource found for suffixes {-context.xml, Context.groovy}.
2021-05-20 07:03:22.727  INFO 9771 --- [    Test worker] t.c.s.AnnotationConfigContextLoaderUtils : Could not detect default configuration classes for test class [com.web.IndexControllerTest]: IndexControllerTest does not declare any static, non-private, non-final, nested classes annotated with @Configuration.
2021-05-20 07:03:22.728  INFO 9771 --- [    Test worker] .b.t.c.SpringBootTestContextBootstrapper : Found @SpringBootConfiguration com.Application for test class com.web.IndexControllerTest
2021-05-20 07:03:22.734  INFO 9771 --- [    Test worker] .b.t.c.SpringBootTestContextBootstrapper : Loaded default TestExecutionListener class names from location [META-INF/spring.factories]: [org.springframework.security.test.context.support.WithSecurityContextTestExecutionListener, org.springframework.security.test.context.support.ReactorContextTestExecutionListener, org.springframework.boot.test.autoconfigure.restdocs.RestDocsTestExecutionListener, org.springframework.boot.test.autoconfigure.web.client.MockRestServiceServerResetTestExecutionListener, org.springframework.boot.test.autoconfigure.web.servlet.MockMvcPrintOnlyOnFailureTestExecutionListener, org.springframework.boot.test.autoconfigure.web.servlet.WebDriverTestExecutionListener, org.springframework.boot.test.mock.mockito.MockitoTestExecutionListener, org.springframework.boot.test.mock.mockito.ResetMocksTestExecutionListener, org.springframework.test.context.web.ServletTestExecutionListener, org.springframework.test.context.support.DirtiesContextBeforeModesTestExecutionListener, org.springframework.test.context.support.DependencyInjectionTestExecutionListener, org.springframework.test.context.support.DirtiesContextTestExecutionListener, org.springframework.test.context.transaction.TransactionalTestExecutionListener, org.springframework.test.context.jdbc.SqlScriptsTestExecutionListener]
2021-05-20 07:03:22.735  INFO 9771 --- [    Test worker] .b.t.c.SpringBootTestContextBootstrapper : Using TestExecutionListeners: [org.springframework.test.context.web.ServletTestExecutionListener@77e21a8c, org.springframework.test.context.support.DirtiesContextBeforeModesTestExecutionListener@4ff7aaef, org.springframework.boot.test.mock.mockito.MockitoTestExecutionListener@2c1d028e, org.springframework.boot.test.autoconfigure.SpringBootDependencyInjectionTestExecutionListener@6ea6b8ea, org.springframework.test.context.support.DirtiesContextTestExecutionListener@9f7f9c8, org.springframework.test.context.transaction.TransactionalTestExecutionListener@7b258acb, org.springframework.test.context.jdbc.SqlScriptsTestExecutionListener@3fe8fe53, org.springframework.security.test.context.support.WithSecurityContextTestExecutionListener@64d260ac, org.springframework.security.test.context.support.ReactorContextTestExecutionListener@525dfc47, org.springframework.boot.test.autoconfigure.restdocs.RestDocsTestExecutionListener@5795715, org.springframework.boot.test.autoconfigure.web.client.MockRestServiceServerResetTestExecutionListener@7d9b2b8f, org.springframework.boot.test.autoconfigure.web.servlet.MockMvcPrintOnlyOnFailureTestExecutionListener@a3be390, org.springframework.boot.test.autoconfigure.web.servlet.WebDriverTestExecutionListener@37398954, org.springframework.boot.test.mock.mockito.ResetMocksTestExecutionListener@7837b159]
2021-05-20 07:03:22.956  INFO 9771 --- [o-auto-1-exec-1] o.a.c.c.C.[Tomcat].[localhost].[/]       : Initializing Spring DispatcherServlet 'dispatcherServlet'
2021-05-20 07:03:22.958  INFO 9771 --- [o-auto-1-exec-1] o.s.web.servlet.DispatcherServlet        : Initializing Servlet 'dispatcherServlet'
2021-05-20 07:03:22.961  INFO 9771 --- [o-auto-1-exec-1] o.s.web.servlet.DispatcherServlet        : Completed initialization in 3 ms
Hibernate: select posts0_.id as id1_0_, posts0_.created_date as created_2_0_, posts0_.modified_date as modified3_0_, posts0_.author as author4_0_, posts0_.content as content5_0_, posts0_.title as title6_0_ from posts posts0_ order by posts0_.id DESC
]]></system-out>
  <system-err><![CDATA[]]></system-err>
</testsuite>
