<?xml version="1.0" encoding="UTF-8"?>
<testsuite name="com.web.HelloResponseDtoTest" tests="1" skipped="0" failures="0" errors="0" timestamp="2021-05-22T12:26:34" hostname="Parkjongseok087" time="0.004">
  <properties/>
  <testcase name="lombok_test" classname="com.web.HelloResponseDtoTest" time="0.004"/>
  <system-out><![CDATA[]]></system-out>
  <system-err><![CDATA[]]></system-err>
</testsuite>
