<?xml version="1.0" encoding="UTF-8"?>
<testsuite name="com.web.IndexControllerTest" tests="1" skipped="0" failures="0" errors="0" timestamp="2021-05-22T11:06:33" hostname="webserver.localdomain" time="0.379">
  <properties/>
  <testcase name="메인페이지_로딩" classname="com.web.IndexControllerTest" time="0.379"/>
  <system-out><![CDATA[2021-05-22 11:06:27.340  INFO 31574 --- [    Test worker] .b.t.c.SpringBootTestContextBootstrapper : Neither @ContextConfiguration nor @ContextHierarchy found for test class [com.web.IndexControllerTest], using SpringBootContextLoader
2021-05-22 11:06:27.341  INFO 31574 --- [    Test worker] o.s.t.c.support.AbstractContextLoader    : Could not detect default resource locations for test class [com.web.IndexControllerTest]: no resource found for suffixes {-context.xml, Context.groovy}.
2021-05-22 11:06:27.342  INFO 31574 --- [    Test worker] t.c.s.AnnotationConfigContextLoaderUtils : Could not detect default configuration classes for test class [com.web.IndexControllerTest]: IndexControllerTest does not declare any static, non-private, non-final, nested classes annotated with @Configuration.
2021-05-22 11:06:27.381  INFO 31574 --- [    Test worker] .b.t.c.SpringBootTestContextBootstrapper : Found @SpringBootConfiguration com.Application for test class com.web.IndexControllerTest
2021-05-22 11:06:27.383  INFO 31574 --- [    Test worker] .b.t.c.SpringBootTestContextBootstrapper : Loaded default TestExecutionListener class names from location [META-INF/spring.factories]: [org.springframework.security.test.context.support.WithSecurityContextTestExecutionListener, org.springframework.security.test.context.support.ReactorContextTestExecutionListener, org.springframework.boot.test.autoconfigure.restdocs.RestDocsTestExecutionListener, org.springframework.boot.test.autoconfigure.web.client.MockRestServiceServerResetTestExecutionListener, org.springframework.boot.test.autoconfigure.web.servlet.MockMvcPrintOnlyOnFailureTestExecutionListener, org.springframework.boot.test.autoconfigure.web.servlet.WebDriverTestExecutionListener, org.springframework.boot.test.mock.mockito.MockitoTestExecutionListener, org.springframework.boot.test.mock.mockito.ResetMocksTestExecutionListener, org.springframework.test.context.web.ServletTestExecutionListener, org.springframework.test.context.support.DirtiesContextBeforeModesTestExecutionListener, org.springframework.test.context.support.DependencyInjectionTestExecutionListener, org.springframework.test.context.support.DirtiesContextTestExecutionListener, org.springframework.test.context.transaction.TransactionalTestExecutionListener, org.springframework.test.context.jdbc.SqlScriptsTestExecutionListener]
2021-05-22 11:06:27.387  INFO 31574 --- [    Test worker] .b.t.c.SpringBootTestContextBootstrapper : Using TestExecutionListeners: [org.springframework.test.context.web.ServletTestExecutionListener@6225031f, org.springframework.test.context.support.DirtiesContextBeforeModesTestExecutionListener@4603873f, org.springframework.boot.test.mock.mockito.MockitoTestExecutionListener@37ab1147, org.springframework.boot.test.autoconfigure.SpringBootDependencyInjectionTestExecutionListener@7917d4ef, org.springframework.test.context.support.DirtiesContextTestExecutionListener@33e00d29, org.springframework.test.context.transaction.TransactionalTestExecutionListener@69804e15, org.springframework.test.context.jdbc.SqlScriptsTestExecutionListener@6ce4b4b, org.springframework.security.test.context.support.WithSecurityContextTestExecutionListener@413957d1, org.springframework.security.test.context.support.ReactorContextTestExecutionListener@7283939a, org.springframework.boot.test.autoconfigure.restdocs.RestDocsTestExecutionListener@19188b39, org.springframework.boot.test.autoconfigure.web.client.MockRestServiceServerResetTestExecutionListener@6df80f42, org.springframework.boot.test.autoconfigure.web.servlet.MockMvcPrintOnlyOnFailureTestExecutionListener@66f45af3, org.springframework.boot.test.autoconfigure.web.servlet.WebDriverTestExecutionListener@8851af4, org.springframework.boot.test.mock.mockito.ResetMocksTestExecutionListener@5519099e]

  .   ____          _            __ _ _
 /\\ / ___'_ __ _ _(_)_ __  __ _ \ \ \ \
( ( )\___ | '_ | '_| | '_ \/ _` | \ \ \ \
 \\/  ___)| |_)| | | | | || (_| |  ) ) ) )
  '  |____| .__|_| |_|_| |_\__, | / / / /
 =========|_|==============|___/=/_/_/_/
 :: Spring Boot ::        (v2.1.7.RELEASE)

2021-05-22 11:06:27.456  INFO 31574 --- [    Test worker] com.web.IndexControllerTest              : Starting IndexControllerTest on webserver.localdomain with PID 31574 (started by ec2-user in /home/ec2-user/app/step1/newproject-springboot-webservice)
2021-05-22 11:06:27.460  INFO 31574 --- [    Test worker] com.web.IndexControllerTest              : The following profiles are active: oauth
2021-05-22 11:06:28.632  INFO 31574 --- [    Test worker] .s.d.r.c.RepositoryConfigurationDelegate : Bootstrapping Spring Data repositories in DEFAULT mode.
2021-05-22 11:06:28.951  INFO 31574 --- [    Test worker] .s.d.r.c.RepositoryConfigurationDelegate : Finished Spring Data repository scanning in 319ms. Found 2 repository interfaces.
2021-05-22 11:06:29.167  INFO 31574 --- [    Test worker] trationDelegate$BeanPostProcessorChecker : Bean 'org.springframework.transaction.annotation.ProxyTransactionManagementConfiguration' of type [org.springframework.transaction.annotation.ProxyTransactionManagementConfiguration$$EnhancerBySpringCGLIB$$746a5da1] is not eligible for getting processed by all BeanPostProcessors (for example: not eligible for auto-proxying)
2021-05-22 11:06:29.658  INFO 31574 --- [    Test worker] o.s.b.w.embedded.tomcat.TomcatWebServer  : Tomcat initialized with port(s): 0 (http)
2021-05-22 11:06:29.739  INFO 31574 --- [    Test worker] o.apache.catalina.core.StandardService   : Starting service [Tomcat]
2021-05-22 11:06:29.739  INFO 31574 --- [    Test worker] org.apache.catalina.core.StandardEngine  : Starting Servlet engine: [Apache Tomcat/9.0.22]
2021-05-22 11:06:30.345  INFO 31574 --- [    Test worker] o.a.c.c.C.[Tomcat].[localhost].[/]       : Initializing Spring embedded WebApplicationContext
2021-05-22 11:06:30.349  INFO 31574 --- [    Test worker] o.s.web.context.ContextLoader            : Root WebApplicationContext: initialization completed in 2886 ms
2021-05-22 11:06:30.646  INFO 31574 --- [    Test worker] com.zaxxer.hikari.HikariDataSource       : HikariPool-2 - Starting...
2021-05-22 11:06:30.655  INFO 31574 --- [    Test worker] com.zaxxer.hikari.HikariDataSource       : HikariPool-2 - Start completed.
2021-05-22 11:06:30.821  INFO 31574 --- [    Test worker] o.hibernate.jpa.internal.util.LogHelper  : HHH000204: Processing PersistenceUnitInfo [
	name: default
	...]
2021-05-22 11:06:30.837  INFO 31574 --- [    Test worker] org.hibernate.dialect.Dialect            : HHH000400: Using dialect: org.hibernate.dialect.MySQL5InnoDBDialect
Hibernate: drop table if exists posts
Hibernate: drop table if exists user
Hibernate: create table posts (id bigint not null auto_increment, created_date datetime, modified_date datetime, author varchar(255), content TEXT not null, title varchar(500) not null, primary key (id)) engine=InnoDB
Hibernate: create table user (id bigint not null auto_increment, created_date datetime, modified_date datetime, email varchar(255), name varchar(255) not null, picture varchar(255), role varchar(255) not null, primary key (id)) engine=InnoDB
2021-05-22 11:06:30.983  INFO 31574 --- [    Test worker] o.h.t.schema.internal.SchemaCreatorImpl  : HHH000476: Executing import script 'org.hibernate.tool.schema.internal.exec.ScriptSourceInputNonExistentImpl@5a3b1322'
2021-05-22 11:06:30.985  INFO 31574 --- [    Test worker] j.LocalContainerEntityManagerFactoryBean : Initialized JPA EntityManagerFactory for persistence unit 'default'
2021-05-22 11:06:31.606  INFO 31574 --- [    Test worker] o.h.h.i.QueryTranslatorFactoryInitiator  : HHH000397: Using ASTQueryTranslatorFactory
2021-05-22 11:06:31.901  INFO 31574 --- [    Test worker] o.s.s.web.DefaultSecurityFilterChain     : Creating filter chain: any request, [org.springframework.security.web.context.request.async.WebAsyncManagerIntegrationFilter@c82971a, org.springframework.security.web.context.SecurityContextPersistenceFilter@6e54577e, org.springframework.security.web.header.HeaderWriterFilter@7190343a, org.springframework.security.web.authentication.logout.LogoutFilter@3a558f4d, org.springframework.security.oauth2.client.web.OAuth2AuthorizationRequestRedirectFilter@56eaf181, org.springframework.security.oauth2.client.web.OAuth2LoginAuthenticationFilter@5d998204, org.springframework.security.web.authentication.ui.DefaultLoginPageGeneratingFilter@7676c95a, org.springframework.security.web.authentication.ui.DefaultLogoutPageGeneratingFilter@e98f858, org.springframework.security.web.savedrequest.RequestCacheAwareFilter@11c33f66, org.springframework.security.web.servletapi.SecurityContextHolderAwareRequestFilter@6182e880, org.springframework.security.web.authentication.AnonymousAuthenticationFilter@f7f66f3, org.springframework.security.web.session.SessionManagementFilter@92ee24, org.springframework.security.web.access.ExceptionTranslationFilter@6c42755f, org.springframework.security.web.access.intercept.FilterSecurityInterceptor@68ad56a4]
2021-05-22 11:06:32.311  INFO 31574 --- [    Test worker] o.s.s.concurrent.ThreadPoolTaskExecutor  : Initializing ExecutorService 'applicationTaskExecutor'
2021-05-22 11:06:32.339  WARN 31574 --- [    Test worker] aWebConfiguration$JpaWebMvcConfiguration : spring.jpa.open-in-view is enabled by default. Therefore, database queries may be performed during view rendering. Explicitly configure spring.jpa.open-in-view to disable this warning
2021-05-22 11:06:32.396  INFO 31574 --- [    Test worker] o.s.b.a.w.s.WelcomePageHandlerMapping    : Adding welcome page template: index
2021-05-22 11:06:32.921  INFO 31574 --- [    Test worker] s.a.ScheduledAnnotationBeanPostProcessor : No TaskScheduler/ScheduledExecutorService bean found for scheduled processing
2021-05-22 11:06:32.990  INFO 31574 --- [    Test worker] o.s.b.w.embedded.tomcat.TomcatWebServer  : Tomcat started on port(s): 35791 (http) with context path ''
2021-05-22 11:06:32.995  INFO 31574 --- [    Test worker] com.web.IndexControllerTest              : Started IndexControllerTest in 5.602 seconds (JVM running for 26.414)
2021-05-22 11:06:33.226  INFO 31574 --- [o-auto-1-exec-1] o.a.c.c.C.[Tomcat].[localhost].[/]       : Initializing Spring DispatcherServlet 'dispatcherServlet'
2021-05-22 11:06:33.227  INFO 31574 --- [o-auto-1-exec-1] o.s.web.servlet.DispatcherServlet        : Initializing Servlet 'dispatcherServlet'
2021-05-22 11:06:33.244  INFO 31574 --- [o-auto-1-exec-1] o.s.web.servlet.DispatcherServlet        : Completed initialization in 17 ms
Hibernate: select posts0_.id as id1_0_, posts0_.created_date as created_2_0_, posts0_.modified_date as modified3_0_, posts0_.author as author4_0_, posts0_.content as content5_0_, posts0_.title as title6_0_ from posts posts0_ order by posts0_.id DESC
]]></system-out>
  <system-err><![CDATA[]]></system-err>
</testsuite>
