<?xml version="1.0" encoding="UTF-8"?>
<testsuite name="com.web.PostsApiControllerTest" tests="2" skipped="0" failures="0" errors="0" timestamp="2021-05-20T07:03:22" hostname="newproject.localdomain" time="0.56">
  <properties/>
  <testcase name="Posts_input" classname="com.web.PostsApiControllerTest" time="0.481"/>
  <testcase name="Posts_updated" classname="com.web.PostsApiControllerTest" time="0.075"/>
  <system-out><![CDATA[2021-05-20 07:03:16.352  INFO 9771 --- [    Test worker] .b.t.c.SpringBootTestContextBootstrapper : Neither @ContextConfiguration nor @ContextHierarchy found for test class [com.web.PostsApiControllerTest], using SpringBootContextLoader
2021-05-20 07:03:16.358  INFO 9771 --- [    Test worker] o.s.t.c.support.AbstractContextLoader    : Could not detect default resource locations for test class [com.web.PostsApiControllerTest]: no resource found for suffixes {-context.xml, Context.groovy}.
2021-05-20 07:03:16.361  INFO 9771 --- [    Test worker] t.c.s.AnnotationConfigContextLoaderUtils : Could not detect default configuration classes for test class [com.web.PostsApiControllerTest]: PostsApiControllerTest does not declare any static, non-private, non-final, nested classes annotated with @Configuration.
2021-05-20 07:03:16.516  INFO 9771 --- [    Test worker] .b.t.c.SpringBootTestContextBootstrapper : Found @SpringBootConfiguration com.Application for test class com.web.PostsApiControllerTest
2021-05-20 07:03:16.521  INFO 9771 --- [    Test worker] .b.t.c.SpringBootTestContextBootstrapper : Loaded default TestExecutionListener class names from location [META-INF/spring.factories]: [org.springframework.security.test.context.support.WithSecurityContextTestExecutionListener, org.springframework.security.test.context.support.ReactorContextTestExecutionListener, org.springframework.boot.test.autoconfigure.restdocs.RestDocsTestExecutionListener, org.springframework.boot.test.autoconfigure.web.client.MockRestServiceServerResetTestExecutionListener, org.springframework.boot.test.autoconfigure.web.servlet.MockMvcPrintOnlyOnFailureTestExecutionListener, org.springframework.boot.test.autoconfigure.web.servlet.WebDriverTestExecutionListener, org.springframework.boot.test.mock.mockito.MockitoTestExecutionListener, org.springframework.boot.test.mock.mockito.ResetMocksTestExecutionListener, org.springframework.test.context.web.ServletTestExecutionListener, org.springframework.test.context.support.DirtiesContextBeforeModesTestExecutionListener, org.springframework.test.context.support.DependencyInjectionTestExecutionListener, org.springframework.test.context.support.DirtiesContextTestExecutionListener, org.springframework.test.context.transaction.TransactionalTestExecutionListener, org.springframework.test.context.jdbc.SqlScriptsTestExecutionListener]
2021-05-20 07:03:16.525  INFO 9771 --- [    Test worker] .b.t.c.SpringBootTestContextBootstrapper : Using TestExecutionListeners: [org.springframework.test.context.web.ServletTestExecutionListener@78bbc0e0, org.springframework.test.context.support.DirtiesContextBeforeModesTestExecutionListener@2621741e, org.springframework.boot.test.mock.mockito.MockitoTestExecutionListener@7a5c1519, org.springframework.boot.test.autoconfigure.SpringBootDependencyInjectionTestExecutionListener@4e49eab4, org.springframework.test.context.support.DirtiesContextTestExecutionListener@68539f5d, org.springframework.test.context.transaction.TransactionalTestExecutionListener@457f87cd, org.springframework.test.context.jdbc.SqlScriptsTestExecutionListener@5f11a6a6, org.springframework.security.test.context.support.WithSecurityContextTestExecutionListener@5e0cebba, org.springframework.security.test.context.support.ReactorContextTestExecutionListener@2ad12e51, org.springframework.boot.test.autoconfigure.restdocs.RestDocsTestExecutionListener@13299529, org.springframework.boot.test.autoconfigure.web.client.MockRestServiceServerResetTestExecutionListener@415f257c, org.springframework.boot.test.autoconfigure.web.servlet.MockMvcPrintOnlyOnFailureTestExecutionListener@78b747d6, org.springframework.boot.test.autoconfigure.web.servlet.WebDriverTestExecutionListener@5b375d37, org.springframework.boot.test.mock.mockito.ResetMocksTestExecutionListener@4e81ba5]

  .   ____          _            __ _ _
 /\\ / ___'_ __ _ _(_)_ __  __ _ \ \ \ \
( ( )\___ | '_ | '_| | '_ \/ _` | \ \ \ \
 \\/  ___)| |_)| | | | | || (_| |  ) ) ) )
  '  |____| .__|_| |_|_| |_\__, | / / / /
 =========|_|==============|___/=/_/_/_/
 :: Spring Boot ::        (v2.1.7.RELEASE)

2021-05-20 07:03:16.601  INFO 9771 --- [    Test worker] com.web.PostsApiControllerTest           : Starting PostsApiControllerTest on newproject.localdomain with PID 9771 (started by ec2-user in /home/ec2-user/app/step1/newproject-springboot-webservice)
2021-05-20 07:03:16.606  INFO 9771 --- [    Test worker] com.web.PostsApiControllerTest           : The following profiles are active: oauth
2021-05-20 07:03:17.883  INFO 9771 --- [    Test worker] .s.d.r.c.RepositoryConfigurationDelegate : Bootstrapping Spring Data repositories in DEFAULT mode.
2021-05-20 07:03:18.203  INFO 9771 --- [    Test worker] .s.d.r.c.RepositoryConfigurationDelegate : Finished Spring Data repository scanning in 319ms. Found 2 repository interfaces.
2021-05-20 07:03:18.413  INFO 9771 --- [    Test worker] trationDelegate$BeanPostProcessorChecker : Bean 'org.springframework.transaction.annotation.ProxyTransactionManagementConfiguration' of type [org.springframework.transaction.annotation.ProxyTransactionManagementConfiguration$$EnhancerBySpringCGLIB$$8ac0da71] is not eligible for getting processed by all BeanPostProcessors (for example: not eligible for auto-proxying)
2021-05-20 07:03:18.850  INFO 9771 --- [    Test worker] o.s.b.w.embedded.tomcat.TomcatWebServer  : Tomcat initialized with port(s): 0 (http)
2021-05-20 07:03:18.935  INFO 9771 --- [    Test worker] o.apache.catalina.core.StandardService   : Starting service [Tomcat]
2021-05-20 07:03:18.941  INFO 9771 --- [    Test worker] org.apache.catalina.core.StandardEngine  : Starting Servlet engine: [Apache Tomcat/9.0.22]
2021-05-20 07:03:19.262  INFO 9771 --- [    Test worker] o.a.c.c.C.[Tomcat].[localhost].[/]       : Initializing Spring embedded WebApplicationContext
2021-05-20 07:03:19.263  INFO 9771 --- [    Test worker] o.s.web.context.ContextLoader            : Root WebApplicationContext: initialization completed in 2655 ms
2021-05-20 07:03:19.559  INFO 9771 --- [    Test worker] com.zaxxer.hikari.HikariDataSource       : HikariPool-2 - Starting...
2021-05-20 07:03:19.566  INFO 9771 --- [    Test worker] com.zaxxer.hikari.HikariDataSource       : HikariPool-2 - Start completed.
2021-05-20 07:03:19.743  INFO 9771 --- [    Test worker] o.hibernate.jpa.internal.util.LogHelper  : HHH000204: Processing PersistenceUnitInfo [
	name: default
	...]
2021-05-20 07:03:19.758  INFO 9771 --- [    Test worker] org.hibernate.dialect.Dialect            : HHH000400: Using dialect: org.hibernate.dialect.MySQL5InnoDBDialect
Hibernate: drop table if exists posts
Hibernate: drop table if exists user
Hibernate: create table posts (id bigint not null auto_increment, created_date datetime, modified_date datetime, author varchar(255), content TEXT not null, title varchar(500) not null, primary key (id)) engine=InnoDB
Hibernate: create table user (id bigint not null auto_increment, created_date datetime, modified_date datetime, email varchar(255), name varchar(255) not null, picture varchar(255), role varchar(255) not null, primary key (id)) engine=InnoDB
2021-05-20 07:03:19.898  INFO 9771 --- [    Test worker] o.h.t.schema.internal.SchemaCreatorImpl  : HHH000476: Executing import script 'org.hibernate.tool.schema.internal.exec.ScriptSourceInputNonExistentImpl@6b6d0254'
2021-05-20 07:03:19.899  INFO 9771 --- [    Test worker] j.LocalContainerEntityManagerFactoryBean : Initialized JPA EntityManagerFactory for persistence unit 'default'
2021-05-20 07:03:20.558  INFO 9771 --- [    Test worker] o.h.h.i.QueryTranslatorFactoryInitiator  : HHH000397: Using ASTQueryTranslatorFactory
2021-05-20 07:03:21.064  INFO 9771 --- [    Test worker] o.s.s.web.DefaultSecurityFilterChain     : Creating filter chain: any request, [org.springframework.security.web.context.request.async.WebAsyncManagerIntegrationFilter@568ca5e8, org.springframework.security.web.context.SecurityContextPersistenceFilter@49c27610, org.springframework.security.web.header.HeaderWriterFilter@16cd4668, org.springframework.security.web.authentication.logout.LogoutFilter@7e060e07, org.springframework.security.oauth2.client.web.OAuth2AuthorizationRequestRedirectFilter@62afb1c9, org.springframework.security.oauth2.client.web.OAuth2LoginAuthenticationFilter@66b6f705, org.springframework.security.web.authentication.ui.DefaultLoginPageGeneratingFilter@242e8e64, org.springframework.security.web.authentication.ui.DefaultLogoutPageGeneratingFilter@67c270f2, org.springframework.security.web.savedrequest.RequestCacheAwareFilter@6b109da0, org.springframework.security.web.servletapi.SecurityContextHolderAwareRequestFilter@179278ac, org.springframework.security.web.authentication.AnonymousAuthenticationFilter@787ca43a, org.springframework.security.web.session.SessionManagementFilter@381163d1, org.springframework.security.web.access.ExceptionTranslationFilter@2060421a, org.springframework.security.web.access.intercept.FilterSecurityInterceptor@76b8e8fb]
2021-05-20 07:03:21.467  INFO 9771 --- [    Test worker] o.s.s.concurrent.ThreadPoolTaskExecutor  : Initializing ExecutorService 'applicationTaskExecutor'
2021-05-20 07:03:21.490  WARN 9771 --- [    Test worker] aWebConfiguration$JpaWebMvcConfiguration : spring.jpa.open-in-view is enabled by default. Therefore, database queries may be performed during view rendering. Explicitly configure spring.jpa.open-in-view to disable this warning
2021-05-20 07:03:21.543  INFO 9771 --- [    Test worker] o.s.b.a.w.s.WelcomePageHandlerMapping    : Adding welcome page template: index
2021-05-20 07:03:22.068  INFO 9771 --- [    Test worker] s.a.ScheduledAnnotationBeanPostProcessor : No TaskScheduler/ScheduledExecutorService bean found for scheduled processing
2021-05-20 07:03:22.139  INFO 9771 --- [    Test worker] o.s.b.w.embedded.tomcat.TomcatWebServer  : Tomcat started on port(s): 33767 (http) with context path ''
2021-05-20 07:03:22.142  INFO 9771 --- [    Test worker] com.web.PostsApiControllerTest           : Started PostsApiControllerTest in 5.613 seconds (JVM running for 22.86)
2021-05-20 07:03:22.213  INFO 9771 --- [    Test worker] o.a.c.c.C.[Tomcat].[localhost].[/]       : Initializing Spring TestDispatcherServlet ''
2021-05-20 07:03:22.221  INFO 9771 --- [    Test worker] o.s.t.web.servlet.TestDispatcherServlet  : Initializing Servlet ''
2021-05-20 07:03:22.256  INFO 9771 --- [    Test worker] o.s.t.web.servlet.TestDispatcherServlet  : Completed initialization in 35 ms
Hibernate: insert into posts (created_date, modified_date, author, content, title) values (?, ?, ?, ?, ?)
Hibernate: select posts0_.id as id1_0_, posts0_.created_date as created_2_0_, posts0_.modified_date as modified3_0_, posts0_.author as author4_0_, posts0_.content as content5_0_, posts0_.title as title6_0_ from posts posts0_
Hibernate: select posts0_.id as id1_0_, posts0_.created_date as created_2_0_, posts0_.modified_date as modified3_0_, posts0_.author as author4_0_, posts0_.content as content5_0_, posts0_.title as title6_0_ from posts posts0_
Hibernate: delete from posts where id=?
2021-05-20 07:03:22.644  INFO 9771 --- [    Test worker] o.a.c.c.C.[Tomcat].[localhost].[/]       : Initializing Spring TestDispatcherServlet ''
2021-05-20 07:03:22.646  INFO 9771 --- [    Test worker] o.s.t.web.servlet.TestDispatcherServlet  : Initializing Servlet ''
2021-05-20 07:03:22.651  INFO 9771 --- [    Test worker] o.s.t.web.servlet.TestDispatcherServlet  : Completed initialization in 5 ms
Hibernate: insert into posts (created_date, modified_date, author, content, title) values (?, ?, ?, ?, ?)
Hibernate: select posts0_.id as id1_0_0_, posts0_.created_date as created_2_0_0_, posts0_.modified_date as modified3_0_0_, posts0_.author as author4_0_0_, posts0_.content as content5_0_0_, posts0_.title as title6_0_0_ from posts posts0_ where posts0_.id=?
Hibernate: update posts set created_date=?, modified_date=?, author=?, content=?, title=? where id=?
Hibernate: select posts0_.id as id1_0_, posts0_.created_date as created_2_0_, posts0_.modified_date as modified3_0_, posts0_.author as author4_0_, posts0_.content as content5_0_, posts0_.title as title6_0_ from posts posts0_
Hibernate: select posts0_.id as id1_0_, posts0_.created_date as created_2_0_, posts0_.modified_date as modified3_0_, posts0_.author as author4_0_, posts0_.content as content5_0_, posts0_.title as title6_0_ from posts posts0_
Hibernate: delete from posts where id=?
]]></system-out>
  <system-err><![CDATA[]]></system-err>
</testsuite>
