<?xml version="1.0" encoding="UTF-8"?>
<testsuite name="com.HelloControllerTest" tests="2" skipped="0" failures="0" errors="0" timestamp="2021-05-25T04:56:00" hostname="Parkjongseok087" time="0.169">
  <properties/>
  <testcase name="hellois_Return" classname="com.HelloControllerTest" time="0.068"/>
  <testcase name="helloDto_return" classname="com.HelloControllerTest" time="0.1"/>
  <system-out><![CDATA[2021-05-25 13:55:57.901  INFO 18808 --- [    Test worker] .b.t.a.w.s.WebMvcTestContextBootstrapper : Neither @ContextConfiguration nor @ContextHierarchy found for test class [com.HelloControllerTest], using SpringBootContextLoader
2021-05-25 13:55:57.902  INFO 18808 --- [    Test worker] o.s.t.c.support.AbstractContextLoader    : Could not detect default resource locations for test class [com.HelloControllerTest]: no resource found for suffixes {-context.xml, Context.groovy}.
2021-05-25 13:55:57.907  INFO 18808 --- [    Test worker] t.c.s.AnnotationConfigContextLoaderUtils : Could not detect default configuration classes for test class [com.HelloControllerTest]: HelloControllerTest does not declare any static, non-private, non-final, nested classes annotated with @Configuration.
2021-05-25 13:55:57.941  INFO 18808 --- [    Test worker] .b.t.c.SpringBootTestContextBootstrapper : Found @SpringBootConfiguration com.Application for test class com.HelloControllerTest
2021-05-25 13:55:57.942  INFO 18808 --- [    Test worker] .b.t.a.w.s.WebMvcTestContextBootstrapper : Loaded default TestExecutionListener class names from location [META-INF/spring.factories]: [org.springframework.security.test.context.support.WithSecurityContextTestExecutionListener, org.springframework.security.test.context.support.ReactorContextTestExecutionListener, org.springframework.boot.test.autoconfigure.restdocs.RestDocsTestExecutionListener, org.springframework.boot.test.autoconfigure.web.client.MockRestServiceServerResetTestExecutionListener, org.springframework.boot.test.autoconfigure.web.servlet.MockMvcPrintOnlyOnFailureTestExecutionListener, org.springframework.boot.test.autoconfigure.web.servlet.WebDriverTestExecutionListener, org.springframework.boot.test.mock.mockito.MockitoTestExecutionListener, org.springframework.boot.test.mock.mockito.ResetMocksTestExecutionListener, org.springframework.test.context.web.ServletTestExecutionListener, org.springframework.test.context.support.DirtiesContextBeforeModesTestExecutionListener, org.springframework.test.context.support.DependencyInjectionTestExecutionListener, org.springframework.test.context.support.DirtiesContextTestExecutionListener, org.springframework.test.context.transaction.TransactionalTestExecutionListener, org.springframework.test.context.jdbc.SqlScriptsTestExecutionListener]
2021-05-25 13:55:57.958  INFO 18808 --- [    Test worker] .b.t.a.w.s.WebMvcTestContextBootstrapper : Using TestExecutionListeners: [org.springframework.test.context.web.ServletTestExecutionListener@790c41d6, org.springframework.test.context.support.DirtiesContextBeforeModesTestExecutionListener@3561c9d9, org.springframework.boot.test.mock.mockito.MockitoTestExecutionListener@4e92cccd, org.springframework.boot.test.autoconfigure.SpringBootDependencyInjectionTestExecutionListener@66e885e, org.springframework.test.context.support.DirtiesContextTestExecutionListener@1d777bb4, org.springframework.test.context.transaction.TransactionalTestExecutionListener@266356c2, org.springframework.test.context.jdbc.SqlScriptsTestExecutionListener@7ecf0267, org.springframework.security.test.context.support.WithSecurityContextTestExecutionListener@c915998, org.springframework.security.test.context.support.ReactorContextTestExecutionListener@2a9d2965, org.springframework.boot.test.autoconfigure.restdocs.RestDocsTestExecutionListener@1674afb2, org.springframework.boot.test.autoconfigure.web.client.MockRestServiceServerResetTestExecutionListener@10ae5b21, org.springframework.boot.test.autoconfigure.web.servlet.MockMvcPrintOnlyOnFailureTestExecutionListener@16758d35, org.springframework.boot.test.autoconfigure.web.servlet.WebDriverTestExecutionListener@55e0589f, org.springframework.boot.test.mock.mockito.ResetMocksTestExecutionListener@66da64ae]

  .   ____          _            __ _ _
 /\\ / ___'_ __ _ _(_)_ __  __ _ \ \ \ \
( ( )\___ | '_ | '_| | '_ \/ _` | \ \ \ \
 \\/  ___)| |_)| | | | | || (_| |  ) ) ) )
  '  |____| .__|_| |_|_| |_\__, | / / / /
 =========|_|==============|___/=/_/_/_/
 :: Spring Boot ::        (v2.1.7.RELEASE)

2021-05-25 13:55:58.069  INFO 18808 --- [    Test worker] com.HelloControllerTest                  : Starting HelloControllerTest on Parkjongseok087 with PID 18808 (started by Parkjongseok in C:\newclone)
2021-05-25 13:55:58.070  INFO 18808 --- [    Test worker] com.HelloControllerTest                  : The following profiles are active: oauth
2021-05-25 13:55:59.529  INFO 18808 --- [    Test worker] o.s.s.concurrent.ThreadPoolTaskExecutor  : Initializing ExecutorService 'applicationTaskExecutor'
2021-05-25 13:55:59.580  INFO 18808 --- [    Test worker] o.s.b.a.w.s.WelcomePageHandlerMapping    : Adding welcome page template: index
2021-05-25 13:55:59.843  INFO 18808 --- [    Test worker] .s.s.UserDetailsServiceAutoConfiguration : 

Using generated security password: 4b2e0b05-f959-4699-a917-12a64cebb91f

2021-05-25 13:55:59.999  INFO 18808 --- [    Test worker] o.s.s.web.DefaultSecurityFilterChain     : Creating filter chain: any request, [org.springframework.security.web.context.request.async.WebAsyncManagerIntegrationFilter@734a4af1, org.springframework.security.web.context.SecurityContextPersistenceFilter@2d411570, org.springframework.security.web.header.HeaderWriterFilter@3b5fa93c, org.springframework.security.web.csrf.CsrfFilter@749bb989, org.springframework.security.web.authentication.logout.LogoutFilter@553defd4, org.springframework.security.web.authentication.UsernamePasswordAuthenticationFilter@1a672837, org.springframework.security.web.authentication.ui.DefaultLoginPageGeneratingFilter@347565c8, org.springframework.security.web.authentication.ui.DefaultLogoutPageGeneratingFilter@13be7c57, org.springframework.security.web.authentication.www.BasicAuthenticationFilter@7eb21962, org.springframework.security.web.savedrequest.RequestCacheAwareFilter@68df3238, org.springframework.security.web.servletapi.SecurityContextHolderAwareRequestFilter@2e0f7056, org.springframework.security.web.authentication.AnonymousAuthenticationFilter@7d290e4b, org.springframework.security.web.session.SessionManagementFilter@1221082f, org.springframework.security.web.access.ExceptionTranslationFilter@78d7b199, org.springframework.security.web.access.intercept.FilterSecurityInterceptor@1c44754a]
2021-05-25 13:56:00.042  INFO 18808 --- [    Test worker] o.s.b.t.m.w.SpringBootMockServletContext : Initializing Spring TestDispatcherServlet ''
2021-05-25 13:56:00.042  INFO 18808 --- [    Test worker] o.s.t.web.servlet.TestDispatcherServlet  : Initializing Servlet ''
2021-05-25 13:56:00.064  INFO 18808 --- [    Test worker] o.s.t.web.servlet.TestDispatcherServlet  : Completed initialization in 22 ms
2021-05-25 13:56:00.097  INFO 18808 --- [    Test worker] com.HelloControllerTest                  : Started HelloControllerTest in 2.105 seconds (JVM running for 12.562)
]]></system-out>
  <system-err><![CDATA[]]></system-err>
</testsuite>
