<?xml version="1.0" encoding="UTF-8"?>
<<<<<<< HEAD
<testsuite name="com.web.PostsApiControllerTest" tests="2" skipped="0" failures="0" errors="0" timestamp="2021-05-22T11:06:33" hostname="webserver.localdomain" time="0.229">
  <properties/>
  <testcase name="Posts_input" classname="com.web.PostsApiControllerTest" time="0.153"/>
  <testcase name="Posts_updated" classname="com.web.PostsApiControllerTest" time="0.075"/>
  <system-out><![CDATA[2021-05-22 11:06:33.409  INFO 31574 --- [    Test worker] .b.t.c.SpringBootTestContextBootstrapper : Neither @ContextConfiguration nor @ContextHierarchy found for test class [com.web.PostsApiControllerTest], using SpringBootContextLoader
2021-05-22 11:06:33.414  INFO 31574 --- [    Test worker] o.s.t.c.support.AbstractContextLoader    : Could not detect default resource locations for test class [com.web.PostsApiControllerTest]: no resource found for suffixes {-context.xml, Context.groovy}.
2021-05-22 11:06:33.414  INFO 31574 --- [    Test worker] t.c.s.AnnotationConfigContextLoaderUtils : Could not detect default configuration classes for test class [com.web.PostsApiControllerTest]: PostsApiControllerTest does not declare any static, non-private, non-final, nested classes annotated with @Configuration.
2021-05-22 11:06:33.416  INFO 31574 --- [    Test worker] .b.t.c.SpringBootTestContextBootstrapper : Found @SpringBootConfiguration com.Application for test class com.web.PostsApiControllerTest
2021-05-22 11:06:33.419  INFO 31574 --- [    Test worker] .b.t.c.SpringBootTestContextBootstrapper : Loaded default TestExecutionListener class names from location [META-INF/spring.factories]: [org.springframework.security.test.context.support.WithSecurityContextTestExecutionListener, org.springframework.security.test.context.support.ReactorContextTestExecutionListener, org.springframework.boot.test.autoconfigure.restdocs.RestDocsTestExecutionListener, org.springframework.boot.test.autoconfigure.web.client.MockRestServiceServerResetTestExecutionListener, org.springframework.boot.test.autoconfigure.web.servlet.MockMvcPrintOnlyOnFailureTestExecutionListener, org.springframework.boot.test.autoconfigure.web.servlet.WebDriverTestExecutionListener, org.springframework.boot.test.mock.mockito.MockitoTestExecutionListener, org.springframework.boot.test.mock.mockito.ResetMocksTestExecutionListener, org.springframework.test.context.web.ServletTestExecutionListener, org.springframework.test.context.support.DirtiesContextBeforeModesTestExecutionListener, org.springframework.test.context.support.DependencyInjectionTestExecutionListener, org.springframework.test.context.support.DirtiesContextTestExecutionListener, org.springframework.test.context.transaction.TransactionalTestExecutionListener, org.springframework.test.context.jdbc.SqlScriptsTestExecutionListener]
2021-05-22 11:06:33.420  INFO 31574 --- [    Test worker] .b.t.c.SpringBootTestContextBootstrapper : Using TestExecutionListeners: [org.springframework.test.context.web.ServletTestExecutionListener@279b49e0, org.springframework.test.context.support.DirtiesContextBeforeModesTestExecutionListener@759c3ed0, org.springframework.boot.test.mock.mockito.MockitoTestExecutionListener@4668046f, org.springframework.boot.test.autoconfigure.SpringBootDependencyInjectionTestExecutionListener@583690b3, org.springframework.test.context.support.DirtiesContextTestExecutionListener@251f061c, org.springframework.test.context.transaction.TransactionalTestExecutionListener@31e1c6d1, org.springframework.test.context.jdbc.SqlScriptsTestExecutionListener@37acf7fe, org.springframework.security.test.context.support.WithSecurityContextTestExecutionListener@5bf34ab0, org.springframework.security.test.context.support.ReactorContextTestExecutionListener@6819834, org.springframework.boot.test.autoconfigure.restdocs.RestDocsTestExecutionListener@3969117b, org.springframework.boot.test.autoconfigure.web.client.MockRestServiceServerResetTestExecutionListener@692a12af, org.springframework.boot.test.autoconfigure.web.servlet.MockMvcPrintOnlyOnFailureTestExecutionListener@28cd63f0, org.springframework.boot.test.autoconfigure.web.servlet.WebDriverTestExecutionListener@22070ee5, org.springframework.boot.test.mock.mockito.ResetMocksTestExecutionListener@53142117]
2021-05-22 11:06:33.440  INFO 31574 --- [    Test worker] o.a.c.c.C.[Tomcat].[localhost].[/]       : Initializing Spring TestDispatcherServlet ''
2021-05-22 11:06:33.444  INFO 31574 --- [    Test worker] o.s.t.web.servlet.TestDispatcherServlet  : Initializing Servlet ''
2021-05-22 11:06:33.447  INFO 31574 --- [    Test worker] o.s.t.web.servlet.TestDispatcherServlet  : Completed initialization in 3 ms
=======
<testsuite name="com.web.PostsApiControllerTest" tests="2" skipped="0" failures="0" errors="0" timestamp="2021-05-22T12:26:39" hostname="Parkjongseok087" time="0.173">
  <properties/>
  <testcase name="Posts_input" classname="com.web.PostsApiControllerTest" time="0.082"/>
  <testcase name="Posts_updated" classname="com.web.PostsApiControllerTest" time="0.087"/>
  <system-out><![CDATA[2021-05-22 21:26:39.624  INFO 8920 --- [    Test worker] .b.t.c.SpringBootTestContextBootstrapper : Neither @ContextConfiguration nor @ContextHierarchy found for test class [com.web.PostsApiControllerTest], using SpringBootContextLoader
2021-05-22 21:26:39.624  INFO 8920 --- [    Test worker] o.s.t.c.support.AbstractContextLoader    : Could not detect default resource locations for test class [com.web.PostsApiControllerTest]: no resource found for suffixes {-context.xml, Context.groovy}.
2021-05-22 21:26:39.625  INFO 8920 --- [    Test worker] t.c.s.AnnotationConfigContextLoaderUtils : Could not detect default configuration classes for test class [com.web.PostsApiControllerTest]: PostsApiControllerTest does not declare any static, non-private, non-final, nested classes annotated with @Configuration.
2021-05-22 21:26:39.627  INFO 8920 --- [    Test worker] .b.t.c.SpringBootTestContextBootstrapper : Found @SpringBootConfiguration com.Application for test class com.web.PostsApiControllerTest
2021-05-22 21:26:39.628  INFO 8920 --- [    Test worker] .b.t.c.SpringBootTestContextBootstrapper : Loaded default TestExecutionListener class names from location [META-INF/spring.factories]: [org.springframework.security.test.context.support.WithSecurityContextTestExecutionListener, org.springframework.security.test.context.support.ReactorContextTestExecutionListener, org.springframework.boot.test.autoconfigure.restdocs.RestDocsTestExecutionListener, org.springframework.boot.test.autoconfigure.web.client.MockRestServiceServerResetTestExecutionListener, org.springframework.boot.test.autoconfigure.web.servlet.MockMvcPrintOnlyOnFailureTestExecutionListener, org.springframework.boot.test.autoconfigure.web.servlet.WebDriverTestExecutionListener, org.springframework.boot.test.mock.mockito.MockitoTestExecutionListener, org.springframework.boot.test.mock.mockito.ResetMocksTestExecutionListener, org.springframework.test.context.web.ServletTestExecutionListener, org.springframework.test.context.support.DirtiesContextBeforeModesTestExecutionListener, org.springframework.test.context.support.DependencyInjectionTestExecutionListener, org.springframework.test.context.support.DirtiesContextTestExecutionListener, org.springframework.test.context.transaction.TransactionalTestExecutionListener, org.springframework.test.context.jdbc.SqlScriptsTestExecutionListener]
2021-05-22 21:26:39.629  INFO 8920 --- [    Test worker] .b.t.c.SpringBootTestContextBootstrapper : Using TestExecutionListeners: [org.springframework.test.context.web.ServletTestExecutionListener@2c82e70a, org.springframework.test.context.support.DirtiesContextBeforeModesTestExecutionListener@4aca132d, org.springframework.boot.test.mock.mockito.MockitoTestExecutionListener@73dbf34c, org.springframework.boot.test.autoconfigure.SpringBootDependencyInjectionTestExecutionListener@5b3d15e4, org.springframework.test.context.support.DirtiesContextTestExecutionListener@603c133e, org.springframework.test.context.transaction.TransactionalTestExecutionListener@7a75276f, org.springframework.test.context.jdbc.SqlScriptsTestExecutionListener@5618eafe, org.springframework.security.test.context.support.WithSecurityContextTestExecutionListener@653957ec, org.springframework.security.test.context.support.ReactorContextTestExecutionListener@659c1d96, org.springframework.boot.test.autoconfigure.restdocs.RestDocsTestExecutionListener@36810015, org.springframework.boot.test.autoconfigure.web.client.MockRestServiceServerResetTestExecutionListener@27df5321, org.springframework.boot.test.autoconfigure.web.servlet.MockMvcPrintOnlyOnFailureTestExecutionListener@8f6e601, org.springframework.boot.test.autoconfigure.web.servlet.WebDriverTestExecutionListener@d032a24, org.springframework.boot.test.mock.mockito.ResetMocksTestExecutionListener@33bc0239]
2021-05-22 21:26:39.640  INFO 8920 --- [    Test worker] o.a.c.c.C.[Tomcat].[localhost].[/]       : Initializing Spring TestDispatcherServlet ''
2021-05-22 21:26:39.641  INFO 8920 --- [    Test worker] o.s.t.web.servlet.TestDispatcherServlet  : Initializing Servlet ''
2021-05-22 21:26:39.643  INFO 8920 --- [    Test worker] o.s.t.web.servlet.TestDispatcherServlet  : Completed initialization in 2 ms
>>>>>>> 5f5b6888eaa031e07fee0412417b4ac7393e751c
Hibernate: insert into posts (created_date, modified_date, author, content, title) values (?, ?, ?, ?, ?)
Hibernate: select posts0_.id as id1_0_, posts0_.created_date as created_2_0_, posts0_.modified_date as modified3_0_, posts0_.author as author4_0_, posts0_.content as content5_0_, posts0_.title as title6_0_ from posts posts0_
Hibernate: select posts0_.id as id1_0_, posts0_.created_date as created_2_0_, posts0_.modified_date as modified3_0_, posts0_.author as author4_0_, posts0_.content as content5_0_, posts0_.title as title6_0_ from posts posts0_
Hibernate: delete from posts where id=?
<<<<<<< HEAD
2021-05-22 11:06:33.590  INFO 31574 --- [    Test worker] o.a.c.c.C.[Tomcat].[localhost].[/]       : Initializing Spring TestDispatcherServlet ''
2021-05-22 11:06:33.596  INFO 31574 --- [    Test worker] o.s.t.web.servlet.TestDispatcherServlet  : Initializing Servlet ''
2021-05-22 11:06:33.600  INFO 31574 --- [    Test worker] o.s.t.web.servlet.TestDispatcherServlet  : Completed initialization in 3 ms
=======
2021-05-22 21:26:39.723  INFO 8920 --- [    Test worker] o.a.c.c.C.[Tomcat].[localhost].[/]       : Initializing Spring TestDispatcherServlet ''
2021-05-22 21:26:39.724  INFO 8920 --- [    Test worker] o.s.t.web.servlet.TestDispatcherServlet  : Initializing Servlet ''
2021-05-22 21:26:39.727  INFO 8920 --- [    Test worker] o.s.t.web.servlet.TestDispatcherServlet  : Completed initialization in 2 ms
>>>>>>> 5f5b6888eaa031e07fee0412417b4ac7393e751c
Hibernate: insert into posts (created_date, modified_date, author, content, title) values (?, ?, ?, ?, ?)
Hibernate: select posts0_.id as id1_0_0_, posts0_.created_date as created_2_0_0_, posts0_.modified_date as modified3_0_0_, posts0_.author as author4_0_0_, posts0_.content as content5_0_0_, posts0_.title as title6_0_0_ from posts posts0_ where posts0_.id=?
Hibernate: update posts set created_date=?, modified_date=?, author=?, content=?, title=? where id=?
Hibernate: select posts0_.id as id1_0_, posts0_.created_date as created_2_0_, posts0_.modified_date as modified3_0_, posts0_.author as author4_0_, posts0_.content as content5_0_, posts0_.title as title6_0_ from posts posts0_
Hibernate: select posts0_.id as id1_0_, posts0_.created_date as created_2_0_, posts0_.modified_date as modified3_0_, posts0_.author as author4_0_, posts0_.content as content5_0_, posts0_.title as title6_0_ from posts posts0_
Hibernate: delete from posts where id=?
]]></system-out>
  <system-err><![CDATA[]]></system-err>
</testsuite>
