<?xml version="1.0" encoding="UTF-8"?>
<testsuite name="com.web.HelloResponseDtoTest" tests="1" skipped="0" failures="0" errors="0" timestamp="2021-05-01T17:23:46" hostname="Parkjongseok087" time="0.054">
  <properties/>
  <testcase name="lombok_test" classname="com.web.HelloResponseDtoTest" time="0.054"/>
  <system-out><![CDATA[]]></system-out>
  <system-err><![CDATA[]]></system-err>
</testsuite>
