<?xml version="1.0" encoding="UTF-8"?>
<<<<<<< HEAD
<testsuite name="com.HelloControllerTest" tests="2" skipped="0" failures="0" errors="0" timestamp="2021-05-22T11:06:16" hostname="webserver.localdomain" time="0.497">
  <properties/>
  <testcase name="hellois_Return" classname="com.HelloControllerTest" time="0.378"/>
  <testcase name="helloDto_return" classname="com.HelloControllerTest" time="0.112"/>
  <system-out><![CDATA[11:06:07.883 [Test worker] DEBUG org.springframework.test.context.junit4.SpringJUnit4ClassRunner - SpringJUnit4ClassRunner constructor called with [class com.HelloControllerTest]
11:06:07.905 [Test worker] DEBUG org.springframework.test.context.BootstrapUtils - Instantiating CacheAwareContextLoaderDelegate from class [org.springframework.test.context.cache.DefaultCacheAwareContextLoaderDelegate]
11:06:07.925 [Test worker] DEBUG org.springframework.test.context.BootstrapUtils - Instantiating BootstrapContext using constructor [public org.springframework.test.context.support.DefaultBootstrapContext(java.lang.Class,org.springframework.test.context.CacheAwareContextLoaderDelegate)]
11:06:07.972 [Test worker] DEBUG org.springframework.test.context.BootstrapUtils - Instantiating TestContextBootstrapper for test class [com.HelloControllerTest] from class [org.springframework.boot.test.autoconfigure.web.servlet.WebMvcTestContextBootstrapper]
11:06:08.012 [Test worker] INFO org.springframework.boot.test.autoconfigure.web.servlet.WebMvcTestContextBootstrapper - Neither @ContextConfiguration nor @ContextHierarchy found for test class [com.HelloControllerTest], using SpringBootContextLoader
11:06:08.020 [Test worker] DEBUG org.springframework.test.context.support.AbstractContextLoader - Did not detect default resource location for test class [com.HelloControllerTest]: class path resource [com/HelloControllerTest-context.xml] does not exist
11:06:08.022 [Test worker] DEBUG org.springframework.test.context.support.AbstractContextLoader - Did not detect default resource location for test class [com.HelloControllerTest]: class path resource [com/HelloControllerTestContext.groovy] does not exist
11:06:08.023 [Test worker] INFO org.springframework.test.context.support.AbstractContextLoader - Could not detect default resource locations for test class [com.HelloControllerTest]: no resource found for suffixes {-context.xml, Context.groovy}.
11:06:08.024 [Test worker] INFO org.springframework.test.context.support.AnnotationConfigContextLoaderUtils - Could not detect default configuration classes for test class [com.HelloControllerTest]: HelloControllerTest does not declare any static, non-private, non-final, nested classes annotated with @Configuration.
11:06:08.197 [Test worker] DEBUG org.springframework.test.context.support.ActiveProfilesUtils - Could not find an 'annotation declaring class' for annotation type [org.springframework.test.context.ActiveProfiles] and class [com.HelloControllerTest]
11:06:08.363 [Test worker] DEBUG org.springframework.context.annotation.ClassPathScanningCandidateComponentProvider - Identified candidate component class: file [/home/ec2-user/app/step1/newproject-springboot-webservice/build/classes/java/main/com/Application.class]
11:06:08.365 [Test worker] INFO org.springframework.boot.test.context.SpringBootTestContextBootstrapper - Found @SpringBootConfiguration com.Application for test class com.HelloControllerTest
11:06:08.369 [Test worker] DEBUG org.springframework.boot.test.autoconfigure.web.servlet.WebMvcTestContextBootstrapper - @TestExecutionListeners is not present for class [com.HelloControllerTest]: using defaults.
11:06:08.370 [Test worker] INFO org.springframework.boot.test.autoconfigure.web.servlet.WebMvcTestContextBootstrapper - Loaded default TestExecutionListener class names from location [META-INF/spring.factories]: [org.springframework.security.test.context.support.WithSecurityContextTestExecutionListener, org.springframework.security.test.context.support.ReactorContextTestExecutionListener, org.springframework.boot.test.autoconfigure.restdocs.RestDocsTestExecutionListener, org.springframework.boot.test.autoconfigure.web.client.MockRestServiceServerResetTestExecutionListener, org.springframework.boot.test.autoconfigure.web.servlet.MockMvcPrintOnlyOnFailureTestExecutionListener, org.springframework.boot.test.autoconfigure.web.servlet.WebDriverTestExecutionListener, org.springframework.boot.test.mock.mockito.MockitoTestExecutionListener, org.springframework.boot.test.mock.mockito.ResetMocksTestExecutionListener, org.springframework.test.context.web.ServletTestExecutionListener, org.springframework.test.context.support.DirtiesContextBeforeModesTestExecutionListener, org.springframework.test.context.support.DependencyInjectionTestExecutionListener, org.springframework.test.context.support.DirtiesContextTestExecutionListener, org.springframework.test.context.transaction.TransactionalTestExecutionListener, org.springframework.test.context.jdbc.SqlScriptsTestExecutionListener]
11:06:08.397 [Test worker] INFO org.springframework.boot.test.autoconfigure.web.servlet.WebMvcTestContextBootstrapper - Using TestExecutionListeners: [org.springframework.test.context.web.ServletTestExecutionListener@69487f92, org.springframework.test.context.support.DirtiesContextBeforeModesTestExecutionListener@6dab14d4, org.springframework.boot.test.mock.mockito.MockitoTestExecutionListener@1a755019, org.springframework.boot.test.autoconfigure.SpringBootDependencyInjectionTestExecutionListener@3aa925b, org.springframework.test.context.support.DirtiesContextTestExecutionListener@2934c953, org.springframework.test.context.transaction.TransactionalTestExecutionListener@1c0c7515, org.springframework.test.context.jdbc.SqlScriptsTestExecutionListener@2c491b15, org.springframework.security.test.context.support.WithSecurityContextTestExecutionListener@7b267c8d, org.springframework.security.test.context.support.ReactorContextTestExecutionListener@74d74ceb, org.springframework.boot.test.autoconfigure.restdocs.RestDocsTestExecutionListener@b0c3bb9, org.springframework.boot.test.autoconfigure.web.client.MockRestServiceServerResetTestExecutionListener@6f79187e, org.springframework.boot.test.autoconfigure.web.servlet.MockMvcPrintOnlyOnFailureTestExecutionListener@2773d308, org.springframework.boot.test.autoconfigure.web.servlet.WebDriverTestExecutionListener@690d7319, org.springframework.boot.test.mock.mockito.ResetMocksTestExecutionListener@3b64c72]
11:06:08.410 [Test worker] DEBUG org.springframework.test.annotation.ProfileValueUtils - Retrieved @ProfileValueSourceConfiguration [null] for test class [com.HelloControllerTest]
11:06:08.414 [Test worker] DEBUG org.springframework.test.annotation.ProfileValueUtils - Retrieved ProfileValueSource type [class org.springframework.test.annotation.SystemProfileValueSource] for class [com.HelloControllerTest]
11:06:08.416 [Test worker] DEBUG org.springframework.test.annotation.ProfileValueUtils - Retrieved @ProfileValueSourceConfiguration [null] for test class [com.HelloControllerTest]
11:06:08.417 [Test worker] DEBUG org.springframework.test.annotation.ProfileValueUtils - Retrieved ProfileValueSource type [class org.springframework.test.annotation.SystemProfileValueSource] for class [com.HelloControllerTest]
11:06:08.418 [Test worker] DEBUG org.springframework.test.annotation.ProfileValueUtils - Retrieved @ProfileValueSourceConfiguration [null] for test class [com.HelloControllerTest]
11:06:08.419 [Test worker] DEBUG org.springframework.test.annotation.ProfileValueUtils - Retrieved ProfileValueSource type [class org.springframework.test.annotation.SystemProfileValueSource] for class [com.HelloControllerTest]
11:06:08.421 [Test worker] DEBUG org.springframework.test.annotation.ProfileValueUtils - Retrieved @ProfileValueSourceConfiguration [null] for test class [com.HelloControllerTest]
11:06:08.421 [Test worker] DEBUG org.springframework.test.annotation.ProfileValueUtils - Retrieved ProfileValueSource type [class org.springframework.test.annotation.SystemProfileValueSource] for class [com.HelloControllerTest]
11:06:08.427 [Test worker] DEBUG org.springframework.test.context.support.AbstractDirtiesContextTestExecutionListener - Before test class: context [DefaultTestContext@7679936a testClass = HelloControllerTest, testInstance = [null], testMethod = [null], testException = [null], mergedContextConfiguration = [WebMergedContextConfiguration@67286282 testClass = HelloControllerTest, locations = '{}', classes = '{class com.Application}', contextInitializerClasses = '[]', activeProfiles = '{}', propertySourceLocations = '{}', propertySourceProperties = '{org.springframework.boot.test.autoconfigure.web.servlet.WebMvcTestContextBootstrapper=true}', contextCustomizers = set[org.springframework.boot.test.autoconfigure.OverrideAutoConfigurationContextCustomizerFactory$DisableAutoConfigurationContextCustomizer@6252e027, org.springframework.boot.test.autoconfigure.filter.TypeExcludeFiltersContextCustomizer@c204db9d, org.springframework.boot.test.autoconfigure.properties.PropertyMappingContextCustomizer@e7c7af28, org.springframework.boot.test.autoconfigure.web.servlet.WebDriverContextCustomizerFactory$Customizer@7ee3ad12, [ImportsContextCustomizer@477f8a1e key = [org.springframework.boot.autoconfigure.cache.CacheAutoConfiguration, org.springframework.boot.autoconfigure.context.MessageSourceAutoConfiguration, org.springframework.boot.autoconfigure.data.web.SpringDataWebAutoConfiguration, org.springframework.boot.autoconfigure.freemarker.FreeMarkerAutoConfiguration, org.springframework.boot.autoconfigure.groovy.template.GroovyTemplateAutoConfiguration, org.springframework.boot.autoconfigure.gson.GsonAutoConfiguration, org.springframework.boot.autoconfigure.hateoas.HypermediaAutoConfiguration, org.springframework.boot.autoconfigure.http.HttpMessageConvertersAutoConfiguration, org.springframework.boot.autoconfigure.jackson.JacksonAutoConfiguration, org.springframework.boot.autoconfigure.jsonb.JsonbAutoConfiguration, org.springframework.boot.autoconfigure.mustache.MustacheAutoConfiguration, org.springframework.boot.autoconfigure.task.TaskExecutionAutoConfiguration, org.springframework.boot.autoconfigure.thymeleaf.ThymeleafAutoConfiguration, org.springframework.boot.autoconfigure.validation.ValidationAutoConfiguration, org.springframework.boot.autoconfigure.web.servlet.error.ErrorMvcAutoConfiguration, org.springframework.boot.autoconfigure.web.servlet.WebMvcAutoConfiguration, org.springframework.boot.test.autoconfigure.web.servlet.MockMvcAutoConfiguration, org.springframework.boot.test.autoconfigure.web.servlet.MockMvcSecurityAutoConfiguration, org.springframework.boot.test.autoconfigure.web.servlet.MockMvcWebClientAutoConfiguration, org.springframework.boot.test.autoconfigure.web.servlet.MockMvcWebDriverAutoConfiguration]], org.springframework.boot.test.context.filter.ExcludeFilterContextCustomizer@6afb56a5, org.springframework.boot.test.json.DuplicateJsonObjectContextCustomizerFactory$DuplicateJsonObjectContextCustomizer@4a3797a5, org.springframework.boot.test.mock.mockito.MockitoContextCustomizer@0], resourceBasePath = 'src/main/webapp', contextLoader = 'org.springframework.boot.test.context.SpringBootContextLoader', parent = [null]], attributes = map[[empty]]], class annotated with @DirtiesContext [false] with mode [null].
11:06:08.430 [Test worker] DEBUG org.springframework.test.annotation.ProfileValueUtils - Retrieved @ProfileValueSourceConfiguration [null] for test class [com.HelloControllerTest]
11:06:08.431 [Test worker] DEBUG org.springframework.test.annotation.ProfileValueUtils - Retrieved ProfileValueSource type [class org.springframework.test.annotation.SystemProfileValueSource] for class [com.HelloControllerTest]
11:06:08.435 [Test worker] DEBUG org.springframework.test.context.support.DependencyInjectionTestExecutionListener - Performing dependency injection for test context [[DefaultTestContext@7679936a testClass = HelloControllerTest, testInstance = com.HelloControllerTest@62564e4, testMethod = [null], testException = [null], mergedContextConfiguration = [WebMergedContextConfiguration@67286282 testClass = HelloControllerTest, locations = '{}', classes = '{class com.Application}', contextInitializerClasses = '[]', activeProfiles = '{}', propertySourceLocations = '{}', propertySourceProperties = '{org.springframework.boot.test.autoconfigure.web.servlet.WebMvcTestContextBootstrapper=true}', contextCustomizers = set[org.springframework.boot.test.autoconfigure.OverrideAutoConfigurationContextCustomizerFactory$DisableAutoConfigurationContextCustomizer@6252e027, org.springframework.boot.test.autoconfigure.filter.TypeExcludeFiltersContextCustomizer@c204db9d, org.springframework.boot.test.autoconfigure.properties.PropertyMappingContextCustomizer@e7c7af28, org.springframework.boot.test.autoconfigure.web.servlet.WebDriverContextCustomizerFactory$Customizer@7ee3ad12, [ImportsContextCustomizer@477f8a1e key = [org.springframework.boot.autoconfigure.cache.CacheAutoConfiguration, org.springframework.boot.autoconfigure.context.MessageSourceAutoConfiguration, org.springframework.boot.autoconfigure.data.web.SpringDataWebAutoConfiguration, org.springframework.boot.autoconfigure.freemarker.FreeMarkerAutoConfiguration, org.springframework.boot.autoconfigure.groovy.template.GroovyTemplateAutoConfiguration, org.springframework.boot.autoconfigure.gson.GsonAutoConfiguration, org.springframework.boot.autoconfigure.hateoas.HypermediaAutoConfiguration, org.springframework.boot.autoconfigure.http.HttpMessageConvertersAutoConfiguration, org.springframework.boot.autoconfigure.jackson.JacksonAutoConfiguration, org.springframework.boot.autoconfigure.jsonb.JsonbAutoConfiguration, org.springframework.boot.autoconfigure.mustache.MustacheAutoConfiguration, org.springframework.boot.autoconfigure.task.TaskExecutionAutoConfiguration, org.springframework.boot.autoconfigure.thymeleaf.ThymeleafAutoConfiguration, org.springframework.boot.autoconfigure.validation.ValidationAutoConfiguration, org.springframework.boot.autoconfigure.web.servlet.error.ErrorMvcAutoConfiguration, org.springframework.boot.autoconfigure.web.servlet.WebMvcAutoConfiguration, org.springframework.boot.test.autoconfigure.web.servlet.MockMvcAutoConfiguration, org.springframework.boot.test.autoconfigure.web.servlet.MockMvcSecurityAutoConfiguration, org.springframework.boot.test.autoconfigure.web.servlet.MockMvcWebClientAutoConfiguration, org.springframework.boot.test.autoconfigure.web.servlet.MockMvcWebDriverAutoConfiguration]], org.springframework.boot.test.context.filter.ExcludeFilterContextCustomizer@6afb56a5, org.springframework.boot.test.json.DuplicateJsonObjectContextCustomizerFactory$DuplicateJsonObjectContextCustomizer@4a3797a5, org.springframework.boot.test.mock.mockito.MockitoContextCustomizer@0], resourceBasePath = 'src/main/webapp', contextLoader = 'org.springframework.boot.test.context.SpringBootContextLoader', parent = [null]], attributes = map[[empty]]]].
11:06:08.662 [Test worker] DEBUG org.springframework.test.context.support.TestPropertySourceUtils - Adding inlined properties to environment: {spring.jmx.enabled=false, org.springframework.boot.test.autoconfigure.web.servlet.WebMvcTestContextBootstrapper=true, server.port=-1}
=======
<testsuite name="com.HelloControllerTest" tests="2" skipped="0" failures="0" errors="0" timestamp="2021-05-22T12:26:34" hostname="Parkjongseok087" time="0.273">
  <properties/>
  <testcase name="hellois_Return" classname="com.HelloControllerTest" time="0.138"/>
  <testcase name="helloDto_return" classname="com.HelloControllerTest" time="0.133"/>
  <system-out><![CDATA[2021-05-22 21:26:31.469  INFO 8920 --- [    Test worker] .b.t.a.w.s.WebMvcTestContextBootstrapper : Neither @ContextConfiguration nor @ContextHierarchy found for test class [com.HelloControllerTest], using SpringBootContextLoader
2021-05-22 21:26:31.470  INFO 8920 --- [    Test worker] o.s.t.c.support.AbstractContextLoader    : Could not detect default resource locations for test class [com.HelloControllerTest]: no resource found for suffixes {-context.xml, Context.groovy}.
2021-05-22 21:26:31.470  INFO 8920 --- [    Test worker] t.c.s.AnnotationConfigContextLoaderUtils : Could not detect default configuration classes for test class [com.HelloControllerTest]: HelloControllerTest does not declare any static, non-private, non-final, nested classes annotated with @Configuration.
2021-05-22 21:26:31.516  INFO 8920 --- [    Test worker] .b.t.c.SpringBootTestContextBootstrapper : Found @SpringBootConfiguration com.Application for test class com.HelloControllerTest
2021-05-22 21:26:31.518  INFO 8920 --- [    Test worker] .b.t.a.w.s.WebMvcTestContextBootstrapper : Loaded default TestExecutionListener class names from location [META-INF/spring.factories]: [org.springframework.security.test.context.support.WithSecurityContextTestExecutionListener, org.springframework.security.test.context.support.ReactorContextTestExecutionListener, org.springframework.boot.test.autoconfigure.restdocs.RestDocsTestExecutionListener, org.springframework.boot.test.autoconfigure.web.client.MockRestServiceServerResetTestExecutionListener, org.springframework.boot.test.autoconfigure.web.servlet.MockMvcPrintOnlyOnFailureTestExecutionListener, org.springframework.boot.test.autoconfigure.web.servlet.WebDriverTestExecutionListener, org.springframework.boot.test.mock.mockito.MockitoTestExecutionListener, org.springframework.boot.test.mock.mockito.ResetMocksTestExecutionListener, org.springframework.test.context.web.ServletTestExecutionListener, org.springframework.test.context.support.DirtiesContextBeforeModesTestExecutionListener, org.springframework.test.context.support.DependencyInjectionTestExecutionListener, org.springframework.test.context.support.DirtiesContextTestExecutionListener, org.springframework.test.context.transaction.TransactionalTestExecutionListener, org.springframework.test.context.jdbc.SqlScriptsTestExecutionListener]
2021-05-22 21:26:31.520  INFO 8920 --- [    Test worker] .b.t.a.w.s.WebMvcTestContextBootstrapper : Using TestExecutionListeners: [org.springframework.test.context.web.ServletTestExecutionListener@94b0c41, org.springframework.test.context.support.DirtiesContextBeforeModesTestExecutionListener@71798593, org.springframework.boot.test.mock.mockito.MockitoTestExecutionListener@22075f78, org.springframework.boot.test.autoconfigure.SpringBootDependencyInjectionTestExecutionListener@f41fcd4, org.springframework.test.context.support.DirtiesContextTestExecutionListener@5e39c079, org.springframework.test.context.transaction.TransactionalTestExecutionListener@63519330, org.springframework.test.context.jdbc.SqlScriptsTestExecutionListener@7bb5ecbd, org.springframework.security.test.context.support.WithSecurityContextTestExecutionListener@7b920843, org.springframework.security.test.context.support.ReactorContextTestExecutionListener@6bb83540, org.springframework.boot.test.autoconfigure.restdocs.RestDocsTestExecutionListener@41fe314, org.springframework.boot.test.autoconfigure.web.client.MockRestServiceServerResetTestExecutionListener@509b372e, org.springframework.boot.test.autoconfigure.web.servlet.MockMvcPrintOnlyOnFailureTestExecutionListener@3ba0fd6e, org.springframework.boot.test.autoconfigure.web.servlet.WebDriverTestExecutionListener@1118cd6f, org.springframework.boot.test.mock.mockito.ResetMocksTestExecutionListener@6ae48b1b]
>>>>>>> 5f5b6888eaa031e07fee0412417b4ac7393e751c

  .   ____          _            __ _ _
 /\\ / ___'_ __ _ _(_)_ __  __ _ \ \ \ \
( ( )\___ | '_ | '_| | '_ \/ _` | \ \ \ \
 \\/  ___)| |_)| | | | | || (_| |  ) ) ) )
  '  |____| .__|_| |_|_| |_\__, | / / / /
 =========|_|==============|___/=/_/_/_/
 :: Spring Boot ::        (v2.1.7.RELEASE)

<<<<<<< HEAD
2021-05-22 11:06:09.518  INFO 31574 --- [    Test worker] com.HelloControllerTest                  : Starting HelloControllerTest on webserver.localdomain with PID 31574 (started by ec2-user in /home/ec2-user/app/step1/newproject-springboot-webservice)
2021-05-22 11:06:09.519  INFO 31574 --- [    Test worker] com.HelloControllerTest                  : The following profiles are active: oauth
2021-05-22 11:06:14.896  INFO 31574 --- [    Test worker] o.s.s.concurrent.ThreadPoolTaskExecutor  : Initializing ExecutorService 'applicationTaskExecutor'
2021-05-22 11:06:15.110  INFO 31574 --- [    Test worker] o.s.b.a.w.s.WelcomePageHandlerMapping    : Adding welcome page template: index
2021-05-22 11:06:15.787  INFO 31574 --- [    Test worker] .s.s.UserDetailsServiceAutoConfiguration : 

Using generated security password: d898df8a-8358-4c80-a7c4-f181a1d609d3

2021-05-22 11:06:16.182  INFO 31574 --- [    Test worker] o.s.s.web.DefaultSecurityFilterChain     : Creating filter chain: any request, [org.springframework.security.web.context.request.async.WebAsyncManagerIntegrationFilter@3bb7c4ee, org.springframework.security.web.context.SecurityContextPersistenceFilter@3482ffbb, org.springframework.security.web.header.HeaderWriterFilter@78b1d6d4, org.springframework.security.web.csrf.CsrfFilter@4496bcc0, org.springframework.security.web.authentication.logout.LogoutFilter@2f3514ea, org.springframework.security.web.authentication.UsernamePasswordAuthenticationFilter@6670ac44, org.springframework.security.web.authentication.ui.DefaultLoginPageGeneratingFilter@11d305e8, org.springframework.security.web.authentication.ui.DefaultLogoutPageGeneratingFilter@79daeed4, org.springframework.security.web.authentication.www.BasicAuthenticationFilter@7f0de087, org.springframework.security.web.savedrequest.RequestCacheAwareFilter@15924caa, org.springframework.security.web.servletapi.SecurityContextHolderAwareRequestFilter@7aaf2bad, org.springframework.security.web.authentication.AnonymousAuthenticationFilter@6af194bb, org.springframework.security.web.session.SessionManagementFilter@51640d7c, org.springframework.security.web.access.ExceptionTranslationFilter@397df1aa, org.springframework.security.web.access.intercept.FilterSecurityInterceptor@5926c2e8]
2021-05-22 11:06:16.265  INFO 31574 --- [    Test worker] o.s.b.t.m.w.SpringBootMockServletContext : Initializing Spring TestDispatcherServlet ''
2021-05-22 11:06:16.268  INFO 31574 --- [    Test worker] o.s.t.web.servlet.TestDispatcherServlet  : Initializing Servlet ''
2021-05-22 11:06:16.291  INFO 31574 --- [    Test worker] o.s.t.web.servlet.TestDispatcherServlet  : Completed initialization in 22 ms
2021-05-22 11:06:16.395  INFO 31574 --- [    Test worker] com.HelloControllerTest                  : Started HelloControllerTest in 7.72 seconds (JVM running for 9.815)
=======
2021-05-22 21:26:31.609  INFO 8920 --- [    Test worker] com.HelloControllerTest                  : Starting HelloControllerTest on Parkjongseok087 with PID 8920 (started by Parkjongseok in C:\newproject-springboot-webservice)
2021-05-22 21:26:31.610  INFO 8920 --- [    Test worker] com.HelloControllerTest                  : The following profiles are active: oauth
2021-05-22 21:26:33.504  INFO 8920 --- [    Test worker] o.s.s.concurrent.ThreadPoolTaskExecutor  : Initializing ExecutorService 'applicationTaskExecutor'
2021-05-22 21:26:33.544  INFO 8920 --- [    Test worker] o.s.b.a.w.s.WelcomePageHandlerMapping    : Adding welcome page template: index
2021-05-22 21:26:33.791  INFO 8920 --- [    Test worker] .s.s.UserDetailsServiceAutoConfiguration : 

Using generated security password: 784daee5-cebe-4345-90eb-b9da20b282f2

2021-05-22 21:26:33.967  INFO 8920 --- [    Test worker] o.s.s.web.DefaultSecurityFilterChain     : Creating filter chain: any request, [org.springframework.security.web.context.request.async.WebAsyncManagerIntegrationFilter@ba388d9, org.springframework.security.web.context.SecurityContextPersistenceFilter@44479098, org.springframework.security.web.header.HeaderWriterFilter@70e87e26, org.springframework.security.web.csrf.CsrfFilter@35eb0aa8, org.springframework.security.web.authentication.logout.LogoutFilter@50a5c3da, org.springframework.security.web.authentication.UsernamePasswordAuthenticationFilter@508a98c5, org.springframework.security.web.authentication.ui.DefaultLoginPageGeneratingFilter@49554723, org.springframework.security.web.authentication.ui.DefaultLogoutPageGeneratingFilter@42ab3d29, org.springframework.security.web.authentication.www.BasicAuthenticationFilter@1ee28251, org.springframework.security.web.savedrequest.RequestCacheAwareFilter@3ba3c7bb, org.springframework.security.web.servletapi.SecurityContextHolderAwareRequestFilter@88997a7, org.springframework.security.web.authentication.AnonymousAuthenticationFilter@4851cf27, org.springframework.security.web.session.SessionManagementFilter@1dbb84d9, org.springframework.security.web.access.ExceptionTranslationFilter@1a7cacff, org.springframework.security.web.access.intercept.FilterSecurityInterceptor@34919b9f]
2021-05-22 21:26:34.028  INFO 8920 --- [    Test worker] o.s.b.t.m.w.SpringBootMockServletContext : Initializing Spring TestDispatcherServlet ''
2021-05-22 21:26:34.028  INFO 8920 --- [    Test worker] o.s.t.web.servlet.TestDispatcherServlet  : Initializing Servlet ''
2021-05-22 21:26:34.051  INFO 8920 --- [    Test worker] o.s.t.web.servlet.TestDispatcherServlet  : Completed initialization in 23 ms
2021-05-22 21:26:34.100  INFO 8920 --- [    Test worker] com.HelloControllerTest                  : Started HelloControllerTest in 2.577 seconds (JVM running for 15.698)
>>>>>>> 5f5b6888eaa031e07fee0412417b4ac7393e751c
]]></system-out>
  <system-err><![CDATA[]]></system-err>
</testsuite>
