<?xml version="1.0" encoding="UTF-8"?>
<testsuite name="com.web.HelloResponseDtoTest" tests="1" skipped="0" failures="0" errors="0" timestamp="2021-05-25T05:15:00" hostname="webserver.mydomain.com" time="0.006">
  <properties/>
  <testcase name="lombok_test" classname="com.web.HelloResponseDtoTest" time="0.006"/>
  <system-out><![CDATA[]]></system-out>
  <system-err><![CDATA[]]></system-err>
</testsuite>
