<?xml version="1.0" encoding="UTF-8"?>
<testsuite name="com.domain.posts.PostsRepositoryTest" tests="2" skipped="0" failures="0" errors="0" timestamp="2021-05-25T05:14:49" hostname="webserver.mydomain.com" time="0.652">
  <properties/>
  <testcase name="gesiguel_return" classname="com.domain.posts.PostsRepositoryTest" time="0.623"/>
  <testcase name="BaseTimeEntity_등록" classname="com.domain.posts.PostsRepositoryTest" time="0.027"/>
  <system-out><![CDATA[05:14:34.062 [Test worker] DEBUG org.springframework.test.context.junit4.SpringJUnit4ClassRunner - SpringJUnit4ClassRunner constructor called with [class com.domain.posts.PostsRepositoryTest]
05:14:34.081 [Test worker] DEBUG org.springframework.test.context.BootstrapUtils - Instantiating CacheAwareContextLoaderDelegate from class [org.springframework.test.context.cache.DefaultCacheAwareContextLoaderDelegate]
05:14:34.102 [Test worker] DEBUG org.springframework.test.context.BootstrapUtils - Instantiating BootstrapContext using constructor [public org.springframework.test.context.support.DefaultBootstrapContext(java.lang.Class,org.springframework.test.context.CacheAwareContextLoaderDelegate)]
05:14:34.138 [Test worker] DEBUG org.springframework.test.context.BootstrapUtils - Instantiating TestContextBootstrapper for test class [com.domain.posts.PostsRepositoryTest] from class [org.springframework.boot.test.context.SpringBootTestContextBootstrapper]
05:14:34.163 [Test worker] INFO org.springframework.boot.test.context.SpringBootTestContextBootstrapper - Neither @ContextConfiguration nor @ContextHierarchy found for test class [com.domain.posts.PostsRepositoryTest], using SpringBootContextLoader
05:14:34.169 [Test worker] DEBUG org.springframework.test.context.support.AbstractContextLoader - Did not detect default resource location for test class [com.domain.posts.PostsRepositoryTest]: class path resource [com/domain/posts/PostsRepositoryTest-context.xml] does not exist
05:14:34.170 [Test worker] DEBUG org.springframework.test.context.support.AbstractContextLoader - Did not detect default resource location for test class [com.domain.posts.PostsRepositoryTest]: class path resource [com/domain/posts/PostsRepositoryTestContext.groovy] does not exist
05:14:34.170 [Test worker] INFO org.springframework.test.context.support.AbstractContextLoader - Could not detect default resource locations for test class [com.domain.posts.PostsRepositoryTest]: no resource found for suffixes {-context.xml, Context.groovy}.
05:14:34.173 [Test worker] INFO org.springframework.test.context.support.AnnotationConfigContextLoaderUtils - Could not detect default configuration classes for test class [com.domain.posts.PostsRepositoryTest]: PostsRepositoryTest does not declare any static, non-private, non-final, nested classes annotated with @Configuration.
05:14:34.270 [Test worker] DEBUG org.springframework.test.context.support.ActiveProfilesUtils - Could not find an 'annotation declaring class' for annotation type [org.springframework.test.context.ActiveProfiles] and class [com.domain.posts.PostsRepositoryTest]
05:14:34.538 [Test worker] DEBUG org.springframework.context.annotation.ClassPathScanningCandidateComponentProvider - Identified candidate component class: file [/home/ec2-user/app/step1/finalproject-springboot/build/classes/java/main/com/Application.class]
05:14:34.545 [Test worker] INFO org.springframework.boot.test.context.SpringBootTestContextBootstrapper - Found @SpringBootConfiguration com.Application for test class com.domain.posts.PostsRepositoryTest
05:14:34.771 [Test worker] DEBUG org.springframework.boot.test.context.SpringBootTestContextBootstrapper - @TestExecutionListeners is not present for class [com.domain.posts.PostsRepositoryTest]: using defaults.
05:14:34.772 [Test worker] INFO org.springframework.boot.test.context.SpringBootTestContextBootstrapper - Loaded default TestExecutionListener class names from location [META-INF/spring.factories]: [org.springframework.security.test.context.support.WithSecurityContextTestExecutionListener, org.springframework.security.test.context.support.ReactorContextTestExecutionListener, org.springframework.boot.test.autoconfigure.restdocs.RestDocsTestExecutionListener, org.springframework.boot.test.autoconfigure.web.client.MockRestServiceServerResetTestExecutionListener, org.springframework.boot.test.autoconfigure.web.servlet.MockMvcPrintOnlyOnFailureTestExecutionListener, org.springframework.boot.test.autoconfigure.web.servlet.WebDriverTestExecutionListener, org.springframework.boot.test.mock.mockito.MockitoTestExecutionListener, org.springframework.boot.test.mock.mockito.ResetMocksTestExecutionListener, org.springframework.test.context.web.ServletTestExecutionListener, org.springframework.test.context.support.DirtiesContextBeforeModesTestExecutionListener, org.springframework.test.context.support.DependencyInjectionTestExecutionListener, org.springframework.test.context.support.DirtiesContextTestExecutionListener, org.springframework.test.context.transaction.TransactionalTestExecutionListener, org.springframework.test.context.jdbc.SqlScriptsTestExecutionListener]
05:14:34.812 [Test worker] INFO org.springframework.boot.test.context.SpringBootTestContextBootstrapper - Using TestExecutionListeners: [org.springframework.test.context.web.ServletTestExecutionListener@13c4e8dd, org.springframework.test.context.support.DirtiesContextBeforeModesTestExecutionListener@4c9deeec, org.springframework.boot.test.mock.mockito.MockitoTestExecutionListener@1442e2c3, org.springframework.boot.test.autoconfigure.SpringBootDependencyInjectionTestExecutionListener@67a40649, org.springframework.test.context.support.DirtiesContextTestExecutionListener@53129860, org.springframework.test.context.transaction.TransactionalTestExecutionListener@705be660, org.springframework.test.context.jdbc.SqlScriptsTestExecutionListener@730c4652, org.springframework.security.test.context.support.WithSecurityContextTestExecutionListener@345d9034, org.springframework.security.test.context.support.ReactorContextTestExecutionListener@73cbcf47, org.springframework.boot.test.autoconfigure.restdocs.RestDocsTestExecutionListener@5c0c5fb8, org.springframework.boot.test.autoconfigure.web.client.MockRestServiceServerResetTestExecutionListener@4d23bcbd, org.springframework.boot.test.autoconfigure.web.servlet.MockMvcPrintOnlyOnFailureTestExecutionListener@15a7591d, org.springframework.boot.test.autoconfigure.web.servlet.WebDriverTestExecutionListener@38bb1d19, org.springframework.boot.test.mock.mockito.ResetMocksTestExecutionListener@6746429]
05:14:34.819 [Test worker] DEBUG org.springframework.test.annotation.ProfileValueUtils - Retrieved @ProfileValueSourceConfiguration [null] for test class [com.domain.posts.PostsRepositoryTest]
05:14:34.820 [Test worker] DEBUG org.springframework.test.annotation.ProfileValueUtils - Retrieved ProfileValueSource type [class org.springframework.test.annotation.SystemProfileValueSource] for class [com.domain.posts.PostsRepositoryTest]
05:14:34.821 [Test worker] DEBUG org.springframework.test.annotation.ProfileValueUtils - Retrieved @ProfileValueSourceConfiguration [null] for test class [com.domain.posts.PostsRepositoryTest]
05:14:34.822 [Test worker] DEBUG org.springframework.test.annotation.ProfileValueUtils - Retrieved ProfileValueSource type [class org.springframework.test.annotation.SystemProfileValueSource] for class [com.domain.posts.PostsRepositoryTest]
05:14:34.823 [Test worker] DEBUG org.springframework.test.annotation.ProfileValueUtils - Retrieved @ProfileValueSourceConfiguration [null] for test class [com.domain.posts.PostsRepositoryTest]
05:14:34.823 [Test worker] DEBUG org.springframework.test.annotation.ProfileValueUtils - Retrieved ProfileValueSource type [class org.springframework.test.annotation.SystemProfileValueSource] for class [com.domain.posts.PostsRepositoryTest]
05:14:34.824 [Test worker] DEBUG org.springframework.test.annotation.ProfileValueUtils - Retrieved @ProfileValueSourceConfiguration [null] for test class [com.domain.posts.PostsRepositoryTest]
05:14:34.825 [Test worker] DEBUG org.springframework.test.annotation.ProfileValueUtils - Retrieved ProfileValueSource type [class org.springframework.test.annotation.SystemProfileValueSource] for class [com.domain.posts.PostsRepositoryTest]
05:14:34.832 [Test worker] DEBUG org.springframework.test.context.support.AbstractDirtiesContextTestExecutionListener - Before test class: context [DefaultTestContext@15946b82 testClass = PostsRepositoryTest, testInstance = [null], testMethod = [null], testException = [null], mergedContextConfiguration = [WebMergedContextConfiguration@62483a63 testClass = PostsRepositoryTest, locations = '{}', classes = '{class com.Application}', contextInitializerClasses = '[]', activeProfiles = '{}', propertySourceLocations = '{}', propertySourceProperties = '{org.springframework.boot.test.context.SpringBootTestContextBootstrapper=true}', contextCustomizers = set[org.springframework.boot.test.autoconfigure.properties.PropertyMappingContextCustomizer@0, org.springframework.boot.test.autoconfigure.web.servlet.WebDriverContextCustomizerFactory$Customizer@581c2fb9, org.springframework.boot.test.context.filter.ExcludeFilterContextCustomizer@15aecb79, org.springframework.boot.test.json.DuplicateJsonObjectContextCustomizerFactory$DuplicateJsonObjectContextCustomizer@2a0d1703, org.springframework.boot.test.mock.mockito.MockitoContextCustomizer@0, org.springframework.boot.test.web.client.TestRestTemplateContextCustomizer@2388d22e], resourceBasePath = 'src/main/webapp', contextLoader = 'org.springframework.boot.test.context.SpringBootContextLoader', parent = [null]], attributes = map['org.springframework.test.context.web.ServletTestExecutionListener.activateListener' -> true]], class annotated with @DirtiesContext [false] with mode [null].
05:14:34.833 [Test worker] DEBUG org.springframework.test.annotation.ProfileValueUtils - Retrieved @ProfileValueSourceConfiguration [null] for test class [com.domain.posts.PostsRepositoryTest]
05:14:34.833 [Test worker] DEBUG org.springframework.test.annotation.ProfileValueUtils - Retrieved ProfileValueSource type [class org.springframework.test.annotation.SystemProfileValueSource] for class [com.domain.posts.PostsRepositoryTest]
05:14:34.877 [Test worker] DEBUG org.springframework.test.context.support.TestPropertySourceUtils - Adding inlined properties to environment: {spring.jmx.enabled=false, org.springframework.boot.test.context.SpringBootTestContextBootstrapper=true, server.port=-1}

  .   ____          _            __ _ _
 /\\ / ___'_ __ _ _(_)_ __  __ _ \ \ \ \
( ( )\___ | '_ | '_| | '_ \/ _` | \ \ \ \
 \\/  ___)| |_)| | | | | || (_| |  ) ) ) )
  '  |____| .__|_| |_|_| |_\__, | / / / /
 =========|_|==============|___/=/_/_/_/
 :: Spring Boot ::        (v2.1.7.RELEASE)

2021-05-25 05:14:36.108  INFO 3861 --- [    Test worker] com.domain.posts.PostsRepositoryTest     : Starting PostsRepositoryTest on webserver.mydomain.com with PID 3861 (started by ec2-user in /home/ec2-user/app/step1/finalproject-springboot)
2021-05-25 05:14:36.115  INFO 3861 --- [    Test worker] com.domain.posts.PostsRepositoryTest     : The following profiles are active: oauth
2021-05-25 05:14:39.364  INFO 3861 --- [    Test worker] .s.d.r.c.RepositoryConfigurationDelegate : Bootstrapping Spring Data repositories in DEFAULT mode.
2021-05-25 05:14:39.873  INFO 3861 --- [    Test worker] .s.d.r.c.RepositoryConfigurationDelegate : Finished Spring Data repository scanning in 488ms. Found 2 repository interfaces.
2021-05-25 05:14:41.105  INFO 3861 --- [    Test worker] trationDelegate$BeanPostProcessorChecker : Bean 'org.springframework.transaction.annotation.ProxyTransactionManagementConfiguration' of type [org.springframework.transaction.annotation.ProxyTransactionManagementConfiguration$$EnhancerBySpringCGLIB$$1dc5fa7a] is not eligible for getting processed by all BeanPostProcessors (for example: not eligible for auto-proxying)
2021-05-25 05:14:41.655  INFO 3861 --- [    Test worker] com.zaxxer.hikari.HikariDataSource       : HikariPool-1 - Starting...
2021-05-25 05:14:42.060  INFO 3861 --- [    Test worker] com.zaxxer.hikari.HikariDataSource       : HikariPool-1 - Start completed.
2021-05-25 05:14:42.399  INFO 3861 --- [    Test worker] o.hibernate.jpa.internal.util.LogHelper  : HHH000204: Processing PersistenceUnitInfo [
	name: default
	...]
2021-05-25 05:14:42.568  INFO 3861 --- [    Test worker] org.hibernate.Version                    : HHH000412: Hibernate Core {5.3.10.Final}
2021-05-25 05:14:42.575  INFO 3861 --- [    Test worker] org.hibernate.cfg.Environment            : HHH000206: hibernate.properties not found
2021-05-25 05:14:42.932  INFO 3861 --- [    Test worker] o.hibernate.annotations.common.Version   : HCANN000001: Hibernate Commons Annotations {5.0.4.Final}
2021-05-25 05:14:43.392  INFO 3861 --- [    Test worker] org.hibernate.dialect.Dialect            : HHH000400: Using dialect: org.hibernate.dialect.MySQL5InnoDBDialect
Hibernate: drop table if exists posts
Hibernate: drop table if exists user
Hibernate: create table posts (id bigint not null auto_increment, created_date datetime, modified_date datetime, author varchar(255), content TEXT not null, title varchar(500) not null, primary key (id)) engine=InnoDB
Hibernate: create table user (id bigint not null auto_increment, created_date datetime, modified_date datetime, email varchar(255), name varchar(255) not null, picture varchar(255), role varchar(255) not null, primary key (id)) engine=InnoDB
2021-05-25 05:14:44.794  INFO 3861 --- [    Test worker] o.h.t.schema.internal.SchemaCreatorImpl  : HHH000476: Executing import script 'org.hibernate.tool.schema.internal.exec.ScriptSourceInputNonExistentImpl@2c7358b1'
2021-05-25 05:14:44.799  INFO 3861 --- [    Test worker] j.LocalContainerEntityManagerFactoryBean : Initialized JPA EntityManagerFactory for persistence unit 'default'
2021-05-25 05:14:46.202  INFO 3861 --- [    Test worker] o.h.h.i.QueryTranslatorFactoryInitiator  : HHH000397: Using ASTQueryTranslatorFactory
2021-05-25 05:14:47.242  INFO 3861 --- [    Test worker] o.s.s.web.DefaultSecurityFilterChain     : Creating filter chain: any request, [org.springframework.security.web.context.request.async.WebAsyncManagerIntegrationFilter@8f5a9e8, org.springframework.security.web.context.SecurityContextPersistenceFilter@7b34b1ae, org.springframework.security.web.header.HeaderWriterFilter@203ed31a, org.springframework.security.web.authentication.logout.LogoutFilter@17301912, org.springframework.security.oauth2.client.web.OAuth2AuthorizationRequestRedirectFilter@1e8dca4c, org.springframework.security.oauth2.client.web.OAuth2LoginAuthenticationFilter@5b7db120, org.springframework.security.web.authentication.ui.DefaultLoginPageGeneratingFilter@660dd28d, org.springframework.security.web.authentication.ui.DefaultLogoutPageGeneratingFilter@21224d5a, org.springframework.security.web.savedrequest.RequestCacheAwareFilter@6f977ae6, org.springframework.security.web.servletapi.SecurityContextHolderAwareRequestFilter@b10d658, org.springframework.security.web.authentication.AnonymousAuthenticationFilter@8d61b77, org.springframework.security.web.session.SessionManagementFilter@75d79d27, org.springframework.security.web.access.ExceptionTranslationFilter@d04c10b, org.springframework.security.web.access.intercept.FilterSecurityInterceptor@2e6865da]
2021-05-25 05:14:48.441  INFO 3861 --- [    Test worker] o.s.s.concurrent.ThreadPoolTaskExecutor  : Initializing ExecutorService 'applicationTaskExecutor'
2021-05-25 05:14:48.559  WARN 3861 --- [    Test worker] aWebConfiguration$JpaWebMvcConfiguration : spring.jpa.open-in-view is enabled by default. Therefore, database queries may be performed during view rendering. Explicitly configure spring.jpa.open-in-view to disable this warning
2021-05-25 05:14:48.678  INFO 3861 --- [    Test worker] o.s.b.a.w.s.WelcomePageHandlerMapping    : Adding welcome page template: index
2021-05-25 05:14:49.733  INFO 3861 --- [    Test worker] s.a.ScheduledAnnotationBeanPostProcessor : No TaskScheduler/ScheduledExecutorService bean found for scheduled processing
2021-05-25 05:14:49.754  INFO 3861 --- [    Test worker] com.domain.posts.PostsRepositoryTest     : Started PostsRepositoryTest in 14.857 seconds (JVM running for 16.879)
Hibernate: insert into posts (created_date, modified_date, author, content, title) values (?, ?, ?, ?, ?)
Hibernate: select posts0_.id as id1_0_, posts0_.created_date as created_2_0_, posts0_.modified_date as modified3_0_, posts0_.author as author4_0_, posts0_.content as content5_0_, posts0_.title as title6_0_ from posts posts0_
Hibernate: select posts0_.id as id1_0_, posts0_.created_date as created_2_0_, posts0_.modified_date as modified3_0_, posts0_.author as author4_0_, posts0_.content as content5_0_, posts0_.title as title6_0_ from posts posts0_
Hibernate: delete from posts where id=?
Hibernate: insert into posts (created_date, modified_date, author, content, title) values (?, ?, ?, ?, ?)
Hibernate: select posts0_.id as id1_0_, posts0_.created_date as created_2_0_, posts0_.modified_date as modified3_0_, posts0_.author as author4_0_, posts0_.content as content5_0_, posts0_.title as title6_0_ from posts posts0_
>>>>createDate=2021-05-25T05:14:50.427,modifiedDate=2021-05-25T05:14:50.427
Hibernate: select posts0_.id as id1_0_, posts0_.created_date as created_2_0_, posts0_.modified_date as modified3_0_, posts0_.author as author4_0_, posts0_.content as content5_0_, posts0_.title as title6_0_ from posts posts0_
Hibernate: delete from posts where id=?
]]></system-out>
  <system-err><![CDATA[]]></system-err>
</testsuite>
