<?xml version="1.0" encoding="UTF-8"?>
<testsuite name="com.HelloControllerTest" tests="2" skipped="0" failures="0" errors="0" timestamp="2021-05-20T07:03:25" hostname="newproject.localdomain" time="0.087">
  <properties/>
  <testcase name="hellois_Return" classname="com.HelloControllerTest" time="0.024"/>
  <testcase name="helloDto_return" classname="com.HelloControllerTest" time="0.053"/>
  <system-out><![CDATA[2021-05-20 07:03:23.123  INFO 9771 --- [    Test worker] .b.t.a.w.s.WebMvcTestContextBootstrapper : Neither @ContextConfiguration nor @ContextHierarchy found for test class [com.HelloControllerTest], using SpringBootContextLoader
2021-05-20 07:03:23.125  INFO 9771 --- [    Test worker] o.s.t.c.support.AbstractContextLoader    : Could not detect default resource locations for test class [com.HelloControllerTest]: no resource found for suffixes {-context.xml, Context.groovy}.
2021-05-20 07:03:23.126  INFO 9771 --- [    Test worker] t.c.s.AnnotationConfigContextLoaderUtils : Could not detect default configuration classes for test class [com.HelloControllerTest]: HelloControllerTest does not declare any static, non-private, non-final, nested classes annotated with @Configuration.
2021-05-20 07:03:23.195  INFO 9771 --- [    Test worker] .b.t.c.SpringBootTestContextBootstrapper : Found @SpringBootConfiguration com.Application for test class com.HelloControllerTest
2021-05-20 07:03:23.196  INFO 9771 --- [    Test worker] .b.t.a.w.s.WebMvcTestContextBootstrapper : Loaded default TestExecutionListener class names from location [META-INF/spring.factories]: [org.springframework.security.test.context.support.WithSecurityContextTestExecutionListener, org.springframework.security.test.context.support.ReactorContextTestExecutionListener, org.springframework.boot.test.autoconfigure.restdocs.RestDocsTestExecutionListener, org.springframework.boot.test.autoconfigure.web.client.MockRestServiceServerResetTestExecutionListener, org.springframework.boot.test.autoconfigure.web.servlet.MockMvcPrintOnlyOnFailureTestExecutionListener, org.springframework.boot.test.autoconfigure.web.servlet.WebDriverTestExecutionListener, org.springframework.boot.test.mock.mockito.MockitoTestExecutionListener, org.springframework.boot.test.mock.mockito.ResetMocksTestExecutionListener, org.springframework.test.context.web.ServletTestExecutionListener, org.springframework.test.context.support.DirtiesContextBeforeModesTestExecutionListener, org.springframework.test.context.support.DependencyInjectionTestExecutionListener, org.springframework.test.context.support.DirtiesContextTestExecutionListener, org.springframework.test.context.transaction.TransactionalTestExecutionListener, org.springframework.test.context.jdbc.SqlScriptsTestExecutionListener]
2021-05-20 07:03:23.197  INFO 9771 --- [    Test worker] .b.t.a.w.s.WebMvcTestContextBootstrapper : Using TestExecutionListeners: [org.springframework.test.context.web.ServletTestExecutionListener@32ff3686, org.springframework.test.context.support.DirtiesContextBeforeModesTestExecutionListener@761dfff3, org.springframework.boot.test.mock.mockito.MockitoTestExecutionListener@17007e04, org.springframework.boot.test.autoconfigure.SpringBootDependencyInjectionTestExecutionListener@315c522, org.springframework.test.context.support.DirtiesContextTestExecutionListener@489598c0, org.springframework.test.context.transaction.TransactionalTestExecutionListener@516e1446, org.springframework.test.context.jdbc.SqlScriptsTestExecutionListener@450ab031, org.springframework.security.test.context.support.WithSecurityContextTestExecutionListener@681b4167, org.springframework.security.test.context.support.ReactorContextTestExecutionListener@cac973c, org.springframework.boot.test.autoconfigure.restdocs.RestDocsTestExecutionListener@2d417ecb, org.springframework.boot.test.autoconfigure.web.client.MockRestServiceServerResetTestExecutionListener@3d5ac86a, org.springframework.boot.test.autoconfigure.web.servlet.MockMvcPrintOnlyOnFailureTestExecutionListener@f78b6df, org.springframework.boot.test.autoconfigure.web.servlet.WebDriverTestExecutionListener@6705c57b, org.springframework.boot.test.mock.mockito.ResetMocksTestExecutionListener@41944876]

  .   ____          _            __ _ _
 /\\ / ___'_ __ _ _(_)_ __  __ _ \ \ \ \
( ( )\___ | '_ | '_| | '_ \/ _` | \ \ \ \
 \\/  ___)| |_)| | | | | || (_| |  ) ) ) )
  '  |____| .__|_| |_|_| |_\__, | / / / /
 =========|_|==============|___/=/_/_/_/
 :: Spring Boot ::        (v2.1.7.RELEASE)

2021-05-20 07:03:23.277  INFO 9771 --- [    Test worker] com.HelloControllerTest                  : Starting HelloControllerTest on newproject.localdomain with PID 9771 (started by ec2-user in /home/ec2-user/app/step1/newproject-springboot-webservice)
2021-05-20 07:03:23.278  INFO 9771 --- [    Test worker] com.HelloControllerTest                  : The following profiles are active: oauth
2021-05-20 07:03:25.186  INFO 9771 --- [    Test worker] o.s.s.concurrent.ThreadPoolTaskExecutor  : Initializing ExecutorService 'applicationTaskExecutor'
2021-05-20 07:03:25.237  INFO 9771 --- [    Test worker] o.s.b.a.w.s.WelcomePageHandlerMapping    : Adding welcome page template: index
2021-05-20 07:03:25.573  INFO 9771 --- [    Test worker] .s.s.UserDetailsServiceAutoConfiguration : 

Using generated security password: 18a5eef2-a2c4-41c0-ae61-35a2354d9f38

2021-05-20 07:03:25.802  INFO 9771 --- [    Test worker] o.s.s.web.DefaultSecurityFilterChain     : Creating filter chain: any request, [org.springframework.security.web.context.request.async.WebAsyncManagerIntegrationFilter@1aa60c9d, org.springframework.security.web.context.SecurityContextPersistenceFilter@177bba6d, org.springframework.security.web.header.HeaderWriterFilter@4ed7b98e, org.springframework.security.web.csrf.CsrfFilter@782ccb6c, org.springframework.security.web.authentication.logout.LogoutFilter@193be916, org.springframework.security.web.authentication.UsernamePasswordAuthenticationFilter@40a5adfa, org.springframework.security.web.authentication.ui.DefaultLoginPageGeneratingFilter@66a0889b, org.springframework.security.web.authentication.ui.DefaultLogoutPageGeneratingFilter@74f10a8a, org.springframework.security.web.authentication.www.BasicAuthenticationFilter@5144a798, org.springframework.security.web.savedrequest.RequestCacheAwareFilter@36316ac6, org.springframework.security.web.servletapi.SecurityContextHolderAwareRequestFilter@45d9ae47, org.springframework.security.web.authentication.AnonymousAuthenticationFilter@fd1beb, org.springframework.security.web.session.SessionManagementFilter@50be6c93, org.springframework.security.web.access.ExceptionTranslationFilter@764c1ed, org.springframework.security.web.access.intercept.FilterSecurityInterceptor@517ef3a1]
2021-05-20 07:03:25.821  INFO 9771 --- [    Test worker] o.s.b.t.m.w.SpringBootMockServletContext : Initializing Spring TestDispatcherServlet ''
2021-05-20 07:03:25.822  INFO 9771 --- [    Test worker] o.s.t.web.servlet.TestDispatcherServlet  : Initializing Servlet ''
2021-05-20 07:03:25.824  INFO 9771 --- [    Test worker] o.s.t.web.servlet.TestDispatcherServlet  : Completed initialization in 2 ms
2021-05-20 07:03:25.879  INFO 9771 --- [    Test worker] com.HelloControllerTest                  : Started HelloControllerTest in 2.674 seconds (JVM running for 26.597)
]]></system-out>
  <system-err><![CDATA[]]></system-err>
</testsuite>
