<?xml version="1.0" encoding="UTF-8"?>
<testsuite name="com.HelloControllerTest" tests="2" skipped="0" failures="0" errors="0" timestamp="2021-05-22T12:26:34" hostname="Parkjongseok087" time="0.273">
  <properties/>
  <testcase name="hellois_Return" classname="com.HelloControllerTest" time="0.138"/>
  <testcase name="helloDto_return" classname="com.HelloControllerTest" time="0.133"/>
  <system-out><![CDATA[2021-05-22 21:26:31.469  INFO 8920 --- [    Test worker] .b.t.a.w.s.WebMvcTestContextBootstrapper : Neither @ContextConfiguration nor @ContextHierarchy found for test class [com.HelloControllerTest], using SpringBootContextLoader
2021-05-22 21:26:31.470  INFO 8920 --- [    Test worker] o.s.t.c.support.AbstractContextLoader    : Could not detect default resource locations for test class [com.HelloControllerTest]: no resource found for suffixes {-context.xml, Context.groovy}.
2021-05-22 21:26:31.470  INFO 8920 --- [    Test worker] t.c.s.AnnotationConfigContextLoaderUtils : Could not detect default configuration classes for test class [com.HelloControllerTest]: HelloControllerTest does not declare any static, non-private, non-final, nested classes annotated with @Configuration.
2021-05-22 21:26:31.516  INFO 8920 --- [    Test worker] .b.t.c.SpringBootTestContextBootstrapper : Found @SpringBootConfiguration com.Application for test class com.HelloControllerTest
2021-05-22 21:26:31.518  INFO 8920 --- [    Test worker] .b.t.a.w.s.WebMvcTestContextBootstrapper : Loaded default TestExecutionListener class names from location [META-INF/spring.factories]: [org.springframework.security.test.context.support.WithSecurityContextTestExecutionListener, org.springframework.security.test.context.support.ReactorContextTestExecutionListener, org.springframework.boot.test.autoconfigure.restdocs.RestDocsTestExecutionListener, org.springframework.boot.test.autoconfigure.web.client.MockRestServiceServerResetTestExecutionListener, org.springframework.boot.test.autoconfigure.web.servlet.MockMvcPrintOnlyOnFailureTestExecutionListener, org.springframework.boot.test.autoconfigure.web.servlet.WebDriverTestExecutionListener, org.springframework.boot.test.mock.mockito.MockitoTestExecutionListener, org.springframework.boot.test.mock.mockito.ResetMocksTestExecutionListener, org.springframework.test.context.web.ServletTestExecutionListener, org.springframework.test.context.support.DirtiesContextBeforeModesTestExecutionListener, org.springframework.test.context.support.DependencyInjectionTestExecutionListener, org.springframework.test.context.support.DirtiesContextTestExecutionListener, org.springframework.test.context.transaction.TransactionalTestExecutionListener, org.springframework.test.context.jdbc.SqlScriptsTestExecutionListener]
2021-05-22 21:26:31.520  INFO 8920 --- [    Test worker] .b.t.a.w.s.WebMvcTestContextBootstrapper : Using TestExecutionListeners: [org.springframework.test.context.web.ServletTestExecutionListener@94b0c41, org.springframework.test.context.support.DirtiesContextBeforeModesTestExecutionListener@71798593, org.springframework.boot.test.mock.mockito.MockitoTestExecutionListener@22075f78, org.springframework.boot.test.autoconfigure.SpringBootDependencyInjectionTestExecutionListener@f41fcd4, org.springframework.test.context.support.DirtiesContextTestExecutionListener@5e39c079, org.springframework.test.context.transaction.TransactionalTestExecutionListener@63519330, org.springframework.test.context.jdbc.SqlScriptsTestExecutionListener@7bb5ecbd, org.springframework.security.test.context.support.WithSecurityContextTestExecutionListener@7b920843, org.springframework.security.test.context.support.ReactorContextTestExecutionListener@6bb83540, org.springframework.boot.test.autoconfigure.restdocs.RestDocsTestExecutionListener@41fe314, org.springframework.boot.test.autoconfigure.web.client.MockRestServiceServerResetTestExecutionListener@509b372e, org.springframework.boot.test.autoconfigure.web.servlet.MockMvcPrintOnlyOnFailureTestExecutionListener@3ba0fd6e, org.springframework.boot.test.autoconfigure.web.servlet.WebDriverTestExecutionListener@1118cd6f, org.springframework.boot.test.mock.mockito.ResetMocksTestExecutionListener@6ae48b1b]

  .   ____          _            __ _ _
 /\\ / ___'_ __ _ _(_)_ __  __ _ \ \ \ \
( ( )\___ | '_ | '_| | '_ \/ _` | \ \ \ \
 \\/  ___)| |_)| | | | | || (_| |  ) ) ) )
  '  |____| .__|_| |_|_| |_\__, | / / / /
 =========|_|==============|___/=/_/_/_/
 :: Spring Boot ::        (v2.1.7.RELEASE)

2021-05-22 21:26:31.609  INFO 8920 --- [    Test worker] com.HelloControllerTest                  : Starting HelloControllerTest on Parkjongseok087 with PID 8920 (started by Parkjongseok in C:\newproject-springboot-webservice)
2021-05-22 21:26:31.610  INFO 8920 --- [    Test worker] com.HelloControllerTest                  : The following profiles are active: oauth
2021-05-22 21:26:33.504  INFO 8920 --- [    Test worker] o.s.s.concurrent.ThreadPoolTaskExecutor  : Initializing ExecutorService 'applicationTaskExecutor'
2021-05-22 21:26:33.544  INFO 8920 --- [    Test worker] o.s.b.a.w.s.WelcomePageHandlerMapping    : Adding welcome page template: index
2021-05-22 21:26:33.791  INFO 8920 --- [    Test worker] .s.s.UserDetailsServiceAutoConfiguration : 

Using generated security password: 784daee5-cebe-4345-90eb-b9da20b282f2

2021-05-22 21:26:33.967  INFO 8920 --- [    Test worker] o.s.s.web.DefaultSecurityFilterChain     : Creating filter chain: any request, [org.springframework.security.web.context.request.async.WebAsyncManagerIntegrationFilter@ba388d9, org.springframework.security.web.context.SecurityContextPersistenceFilter@44479098, org.springframework.security.web.header.HeaderWriterFilter@70e87e26, org.springframework.security.web.csrf.CsrfFilter@35eb0aa8, org.springframework.security.web.authentication.logout.LogoutFilter@50a5c3da, org.springframework.security.web.authentication.UsernamePasswordAuthenticationFilter@508a98c5, org.springframework.security.web.authentication.ui.DefaultLoginPageGeneratingFilter@49554723, org.springframework.security.web.authentication.ui.DefaultLogoutPageGeneratingFilter@42ab3d29, org.springframework.security.web.authentication.www.BasicAuthenticationFilter@1ee28251, org.springframework.security.web.savedrequest.RequestCacheAwareFilter@3ba3c7bb, org.springframework.security.web.servletapi.SecurityContextHolderAwareRequestFilter@88997a7, org.springframework.security.web.authentication.AnonymousAuthenticationFilter@4851cf27, org.springframework.security.web.session.SessionManagementFilter@1dbb84d9, org.springframework.security.web.access.ExceptionTranslationFilter@1a7cacff, org.springframework.security.web.access.intercept.FilterSecurityInterceptor@34919b9f]
2021-05-22 21:26:34.028  INFO 8920 --- [    Test worker] o.s.b.t.m.w.SpringBootMockServletContext : Initializing Spring TestDispatcherServlet ''
2021-05-22 21:26:34.028  INFO 8920 --- [    Test worker] o.s.t.web.servlet.TestDispatcherServlet  : Initializing Servlet ''
2021-05-22 21:26:34.051  INFO 8920 --- [    Test worker] o.s.t.web.servlet.TestDispatcherServlet  : Completed initialization in 23 ms
2021-05-22 21:26:34.100  INFO 8920 --- [    Test worker] com.HelloControllerTest                  : Started HelloControllerTest in 2.577 seconds (JVM running for 15.698)
]]></system-out>
  <system-err><![CDATA[]]></system-err>
</testsuite>
