<?xml version="1.0" encoding="UTF-8"?>
<<<<<<< HEAD
<testsuite name="com.domain.posts.PostsRepositoryTest" tests="2" skipped="0" failures="0" errors="0" timestamp="2021-05-22T11:06:26" hostname="webserver.localdomain" time="0.436">
  <properties/>
  <testcase name="gesiguel_return" classname="com.domain.posts.PostsRepositoryTest" time="0.406"/>
  <testcase name="BaseTimeEntity_등록" classname="com.domain.posts.PostsRepositoryTest" time="0.024"/>
  <system-out><![CDATA[2021-05-22 11:06:16.922  INFO 31574 --- [    Test worker] .b.t.c.SpringBootTestContextBootstrapper : Neither @ContextConfiguration nor @ContextHierarchy found for test class [com.domain.posts.PostsRepositoryTest], using SpringBootContextLoader
2021-05-22 11:06:16.925  INFO 31574 --- [    Test worker] o.s.t.c.support.AbstractContextLoader    : Could not detect default resource locations for test class [com.domain.posts.PostsRepositoryTest]: no resource found for suffixes {-context.xml, Context.groovy}.
2021-05-22 11:06:16.928  INFO 31574 --- [    Test worker] t.c.s.AnnotationConfigContextLoaderUtils : Could not detect default configuration classes for test class [com.domain.posts.PostsRepositoryTest]: PostsRepositoryTest does not declare any static, non-private, non-final, nested classes annotated with @Configuration.
2021-05-22 11:06:16.962  INFO 31574 --- [    Test worker] .b.t.c.SpringBootTestContextBootstrapper : Found @SpringBootConfiguration com.Application for test class com.domain.posts.PostsRepositoryTest
2021-05-22 11:06:16.966  INFO 31574 --- [    Test worker] .b.t.c.SpringBootTestContextBootstrapper : Loaded default TestExecutionListener class names from location [META-INF/spring.factories]: [org.springframework.security.test.context.support.WithSecurityContextTestExecutionListener, org.springframework.security.test.context.support.ReactorContextTestExecutionListener, org.springframework.boot.test.autoconfigure.restdocs.RestDocsTestExecutionListener, org.springframework.boot.test.autoconfigure.web.client.MockRestServiceServerResetTestExecutionListener, org.springframework.boot.test.autoconfigure.web.servlet.MockMvcPrintOnlyOnFailureTestExecutionListener, org.springframework.boot.test.autoconfigure.web.servlet.WebDriverTestExecutionListener, org.springframework.boot.test.mock.mockito.MockitoTestExecutionListener, org.springframework.boot.test.mock.mockito.ResetMocksTestExecutionListener, org.springframework.test.context.web.ServletTestExecutionListener, org.springframework.test.context.support.DirtiesContextBeforeModesTestExecutionListener, org.springframework.test.context.support.DependencyInjectionTestExecutionListener, org.springframework.test.context.support.DirtiesContextTestExecutionListener, org.springframework.test.context.transaction.TransactionalTestExecutionListener, org.springframework.test.context.jdbc.SqlScriptsTestExecutionListener]
2021-05-22 11:06:16.971  INFO 31574 --- [    Test worker] .b.t.c.SpringBootTestContextBootstrapper : Using TestExecutionListeners: [org.springframework.test.context.web.ServletTestExecutionListener@4b130dd4, org.springframework.test.context.support.DirtiesContextBeforeModesTestExecutionListener@b3b51db, org.springframework.boot.test.mock.mockito.MockitoTestExecutionListener@7d30df54, org.springframework.boot.test.autoconfigure.SpringBootDependencyInjectionTestExecutionListener@6e140ef1, org.springframework.test.context.support.DirtiesContextTestExecutionListener@3dbac34a, org.springframework.test.context.transaction.TransactionalTestExecutionListener@6c5ef8af, org.springframework.test.context.jdbc.SqlScriptsTestExecutionListener@176f400f, org.springframework.security.test.context.support.WithSecurityContextTestExecutionListener@5942b795, org.springframework.security.test.context.support.ReactorContextTestExecutionListener@32099f64, org.springframework.boot.test.autoconfigure.restdocs.RestDocsTestExecutionListener@2909820a, org.springframework.boot.test.autoconfigure.web.client.MockRestServiceServerResetTestExecutionListener@448bc01c, org.springframework.boot.test.autoconfigure.web.servlet.MockMvcPrintOnlyOnFailureTestExecutionListener@8b92907, org.springframework.boot.test.autoconfigure.web.servlet.WebDriverTestExecutionListener@763575cb, org.springframework.boot.test.mock.mockito.ResetMocksTestExecutionListener@13c9a0d5]
=======
<testsuite name="com.domain.posts.PostsRepositoryTest" tests="2" skipped="0" failures="0" errors="0" timestamp="2021-05-22T12:26:31" hostname="Parkjongseok087" time="0.41">
  <properties/>
  <testcase name="gesiguel_return" classname="com.domain.posts.PostsRepositoryTest" time="0.375"/>
  <testcase name="BaseTimeEntity_등록" classname="com.domain.posts.PostsRepositoryTest" time="0.019"/>
  <system-out><![CDATA[21:26:19.269 [Test worker] DEBUG org.springframework.test.context.junit4.SpringJUnit4ClassRunner - SpringJUnit4ClassRunner constructor called with [class com.domain.posts.PostsRepositoryTest]
21:26:19.278 [Test worker] DEBUG org.springframework.test.context.BootstrapUtils - Instantiating CacheAwareContextLoaderDelegate from class [org.springframework.test.context.cache.DefaultCacheAwareContextLoaderDelegate]
21:26:19.305 [Test worker] DEBUG org.springframework.test.context.BootstrapUtils - Instantiating BootstrapContext using constructor [public org.springframework.test.context.support.DefaultBootstrapContext(java.lang.Class,org.springframework.test.context.CacheAwareContextLoaderDelegate)]
21:26:19.327 [Test worker] DEBUG org.springframework.test.context.BootstrapUtils - Instantiating TestContextBootstrapper for test class [com.domain.posts.PostsRepositoryTest] from class [org.springframework.boot.test.context.SpringBootTestContextBootstrapper]
21:26:19.346 [Test worker] INFO org.springframework.boot.test.context.SpringBootTestContextBootstrapper - Neither @ContextConfiguration nor @ContextHierarchy found for test class [com.domain.posts.PostsRepositoryTest], using SpringBootContextLoader
21:26:19.352 [Test worker] DEBUG org.springframework.test.context.support.AbstractContextLoader - Did not detect default resource location for test class [com.domain.posts.PostsRepositoryTest]: class path resource [com/domain/posts/PostsRepositoryTest-context.xml] does not exist
21:26:19.353 [Test worker] DEBUG org.springframework.test.context.support.AbstractContextLoader - Did not detect default resource location for test class [com.domain.posts.PostsRepositoryTest]: class path resource [com/domain/posts/PostsRepositoryTestContext.groovy] does not exist
21:26:19.353 [Test worker] INFO org.springframework.test.context.support.AbstractContextLoader - Could not detect default resource locations for test class [com.domain.posts.PostsRepositoryTest]: no resource found for suffixes {-context.xml, Context.groovy}.
21:26:19.356 [Test worker] INFO org.springframework.test.context.support.AnnotationConfigContextLoaderUtils - Could not detect default configuration classes for test class [com.domain.posts.PostsRepositoryTest]: PostsRepositoryTest does not declare any static, non-private, non-final, nested classes annotated with @Configuration.
21:26:19.413 [Test worker] DEBUG org.springframework.test.context.support.ActiveProfilesUtils - Could not find an 'annotation declaring class' for annotation type [org.springframework.test.context.ActiveProfiles] and class [com.domain.posts.PostsRepositoryTest]
21:26:19.562 [Test worker] DEBUG org.springframework.context.annotation.ClassPathScanningCandidateComponentProvider - Identified candidate component class: file [C:\newproject-springboot-webservice\build\classes\java\main\com\Application.class]
21:26:19.563 [Test worker] INFO org.springframework.boot.test.context.SpringBootTestContextBootstrapper - Found @SpringBootConfiguration com.Application for test class com.domain.posts.PostsRepositoryTest
21:26:19.709 [Test worker] DEBUG org.springframework.boot.test.context.SpringBootTestContextBootstrapper - @TestExecutionListeners is not present for class [com.domain.posts.PostsRepositoryTest]: using defaults.
21:26:19.711 [Test worker] INFO org.springframework.boot.test.context.SpringBootTestContextBootstrapper - Loaded default TestExecutionListener class names from location [META-INF/spring.factories]: [org.springframework.security.test.context.support.WithSecurityContextTestExecutionListener, org.springframework.security.test.context.support.ReactorContextTestExecutionListener, org.springframework.boot.test.autoconfigure.restdocs.RestDocsTestExecutionListener, org.springframework.boot.test.autoconfigure.web.client.MockRestServiceServerResetTestExecutionListener, org.springframework.boot.test.autoconfigure.web.servlet.MockMvcPrintOnlyOnFailureTestExecutionListener, org.springframework.boot.test.autoconfigure.web.servlet.WebDriverTestExecutionListener, org.springframework.boot.test.mock.mockito.MockitoTestExecutionListener, org.springframework.boot.test.mock.mockito.ResetMocksTestExecutionListener, org.springframework.test.context.web.ServletTestExecutionListener, org.springframework.test.context.support.DirtiesContextBeforeModesTestExecutionListener, org.springframework.test.context.support.DependencyInjectionTestExecutionListener, org.springframework.test.context.support.DirtiesContextTestExecutionListener, org.springframework.test.context.transaction.TransactionalTestExecutionListener, org.springframework.test.context.jdbc.SqlScriptsTestExecutionListener]
21:26:19.741 [Test worker] INFO org.springframework.boot.test.context.SpringBootTestContextBootstrapper - Using TestExecutionListeners: [org.springframework.test.context.web.ServletTestExecutionListener@7d1b719a, org.springframework.test.context.support.DirtiesContextBeforeModesTestExecutionListener@241b564c, org.springframework.boot.test.mock.mockito.MockitoTestExecutionListener@2f504cc7, org.springframework.boot.test.autoconfigure.SpringBootDependencyInjectionTestExecutionListener@20c07647, org.springframework.test.context.support.DirtiesContextTestExecutionListener@6714464, org.springframework.test.context.transaction.TransactionalTestExecutionListener@78a6dbd0, org.springframework.test.context.jdbc.SqlScriptsTestExecutionListener@55bd9677, org.springframework.security.test.context.support.WithSecurityContextTestExecutionListener@76eca0c9, org.springframework.security.test.context.support.ReactorContextTestExecutionListener@7a329814, org.springframework.boot.test.autoconfigure.restdocs.RestDocsTestExecutionListener@3404a4d9, org.springframework.boot.test.autoconfigure.web.client.MockRestServiceServerResetTestExecutionListener@db39200, org.springframework.boot.test.autoconfigure.web.servlet.MockMvcPrintOnlyOnFailureTestExecutionListener@1e4a9197, org.springframework.boot.test.autoconfigure.web.servlet.WebDriverTestExecutionListener@70d65872, org.springframework.boot.test.mock.mockito.ResetMocksTestExecutionListener@616518dd]
21:26:19.743 [Test worker] DEBUG org.springframework.test.annotation.ProfileValueUtils - Retrieved @ProfileValueSourceConfiguration [null] for test class [com.domain.posts.PostsRepositoryTest]
21:26:19.743 [Test worker] DEBUG org.springframework.test.annotation.ProfileValueUtils - Retrieved ProfileValueSource type [class org.springframework.test.annotation.SystemProfileValueSource] for class [com.domain.posts.PostsRepositoryTest]
21:26:19.745 [Test worker] DEBUG org.springframework.test.annotation.ProfileValueUtils - Retrieved @ProfileValueSourceConfiguration [null] for test class [com.domain.posts.PostsRepositoryTest]
21:26:19.745 [Test worker] DEBUG org.springframework.test.annotation.ProfileValueUtils - Retrieved ProfileValueSource type [class org.springframework.test.annotation.SystemProfileValueSource] for class [com.domain.posts.PostsRepositoryTest]
21:26:19.747 [Test worker] DEBUG org.springframework.test.annotation.ProfileValueUtils - Retrieved @ProfileValueSourceConfiguration [null] for test class [com.domain.posts.PostsRepositoryTest]
21:26:19.747 [Test worker] DEBUG org.springframework.test.annotation.ProfileValueUtils - Retrieved ProfileValueSource type [class org.springframework.test.annotation.SystemProfileValueSource] for class [com.domain.posts.PostsRepositoryTest]
21:26:19.748 [Test worker] DEBUG org.springframework.test.annotation.ProfileValueUtils - Retrieved @ProfileValueSourceConfiguration [null] for test class [com.domain.posts.PostsRepositoryTest]
21:26:19.748 [Test worker] DEBUG org.springframework.test.annotation.ProfileValueUtils - Retrieved ProfileValueSource type [class org.springframework.test.annotation.SystemProfileValueSource] for class [com.domain.posts.PostsRepositoryTest]
21:26:19.760 [Test worker] DEBUG org.springframework.test.context.support.AbstractDirtiesContextTestExecutionListener - Before test class: context [DefaultTestContext@34ba1a94 testClass = PostsRepositoryTest, testInstance = [null], testMethod = [null], testException = [null], mergedContextConfiguration = [WebMergedContextConfiguration@75c804f6 testClass = PostsRepositoryTest, locations = '{}', classes = '{class com.Application}', contextInitializerClasses = '[]', activeProfiles = '{}', propertySourceLocations = '{}', propertySourceProperties = '{org.springframework.boot.test.context.SpringBootTestContextBootstrapper=true}', contextCustomizers = set[org.springframework.boot.test.autoconfigure.properties.PropertyMappingContextCustomizer@0, org.springframework.boot.test.autoconfigure.web.servlet.WebDriverContextCustomizerFactory$Customizer@18ccd94e, org.springframework.boot.test.context.filter.ExcludeFilterContextCustomizer@1480102e, org.springframework.boot.test.json.DuplicateJsonObjectContextCustomizerFactory$DuplicateJsonObjectContextCustomizer@7973c416, org.springframework.boot.test.mock.mockito.MockitoContextCustomizer@0, org.springframework.boot.test.web.client.TestRestTemplateContextCustomizer@62b09baa], resourceBasePath = 'src/main/webapp', contextLoader = 'org.springframework.boot.test.context.SpringBootContextLoader', parent = [null]], attributes = map['org.springframework.test.context.web.ServletTestExecutionListener.activateListener' -> true]], class annotated with @DirtiesContext [false] with mode [null].
21:26:19.760 [Test worker] DEBUG org.springframework.test.annotation.ProfileValueUtils - Retrieved @ProfileValueSourceConfiguration [null] for test class [com.domain.posts.PostsRepositoryTest]
21:26:19.760 [Test worker] DEBUG org.springframework.test.annotation.ProfileValueUtils - Retrieved ProfileValueSource type [class org.springframework.test.annotation.SystemProfileValueSource] for class [com.domain.posts.PostsRepositoryTest]
21:26:19.792 [Test worker] DEBUG org.springframework.test.context.support.TestPropertySourceUtils - Adding inlined properties to environment: {spring.jmx.enabled=false, org.springframework.boot.test.context.SpringBootTestContextBootstrapper=true, server.port=-1}
>>>>>>> 5f5b6888eaa031e07fee0412417b4ac7393e751c

  .   ____          _            __ _ _
 /\\ / ___'_ __ _ _(_)_ __  __ _ \ \ \ \
( ( )\___ | '_ | '_| | '_ \/ _` | \ \ \ \
 \\/  ___)| |_)| | | | | || (_| |  ) ) ) )
  '  |____| .__|_| |_|_| |_\__, | / / / /
 =========|_|==============|___/=/_/_/_/
 :: Spring Boot ::        (v2.1.7.RELEASE)

<<<<<<< HEAD
2021-05-22 11:06:17.039  INFO 31574 --- [    Test worker] com.domain.posts.PostsRepositoryTest     : Starting PostsRepositoryTest on webserver.localdomain with PID 31574 (started by ec2-user in /home/ec2-user/app/step1/newproject-springboot-webservice)
2021-05-22 11:06:17.041  INFO 31574 --- [    Test worker] com.domain.posts.PostsRepositoryTest     : The following profiles are active: oauth
2021-05-22 11:06:18.815  INFO 31574 --- [    Test worker] .s.d.r.c.RepositoryConfigurationDelegate : Bootstrapping Spring Data repositories in DEFAULT mode.
2021-05-22 11:06:19.261  INFO 31574 --- [    Test worker] .s.d.r.c.RepositoryConfigurationDelegate : Finished Spring Data repository scanning in 427ms. Found 2 repository interfaces.
2021-05-22 11:06:19.847  INFO 31574 --- [    Test worker] trationDelegate$BeanPostProcessorChecker : Bean 'org.springframework.transaction.annotation.ProxyTransactionManagementConfiguration' of type [org.springframework.transaction.annotation.ProxyTransactionManagementConfiguration$$EnhancerBySpringCGLIB$$746a5da1] is not eligible for getting processed by all BeanPostProcessors (for example: not eligible for auto-proxying)
2021-05-22 11:06:20.198  INFO 31574 --- [    Test worker] com.zaxxer.hikari.HikariDataSource       : HikariPool-1 - Starting...
2021-05-22 11:06:20.557  INFO 31574 --- [    Test worker] com.zaxxer.hikari.HikariDataSource       : HikariPool-1 - Start completed.
2021-05-22 11:06:20.859  INFO 31574 --- [    Test worker] o.hibernate.jpa.internal.util.LogHelper  : HHH000204: Processing PersistenceUnitInfo [
	name: default
	...]
2021-05-22 11:06:21.011  INFO 31574 --- [    Test worker] org.hibernate.Version                    : HHH000412: Hibernate Core {5.3.10.Final}
2021-05-22 11:06:21.019  INFO 31574 --- [    Test worker] org.hibernate.cfg.Environment            : HHH000206: hibernate.properties not found
2021-05-22 11:06:21.133  INFO 31574 --- [    Test worker] o.hibernate.annotations.common.Version   : HCANN000001: Hibernate Commons Annotations {5.0.4.Final}
2021-05-22 11:06:21.448  INFO 31574 --- [    Test worker] org.hibernate.dialect.Dialect            : HHH000400: Using dialect: org.hibernate.dialect.MySQL5InnoDBDialect
=======
2021-05-22 21:26:20.206  INFO 8920 --- [    Test worker] com.domain.posts.PostsRepositoryTest     : Starting PostsRepositoryTest on Parkjongseok087 with PID 8920 (started by Parkjongseok in C:\newproject-springboot-webservice)
2021-05-22 21:26:20.208  INFO 8920 --- [    Test worker] com.domain.posts.PostsRepositoryTest     : The following profiles are active: oauth
2021-05-22 21:26:22.796  INFO 8920 --- [    Test worker] .s.d.r.c.RepositoryConfigurationDelegate : Bootstrapping Spring Data repositories in DEFAULT mode.
2021-05-22 21:26:23.285  INFO 8920 --- [    Test worker] .s.d.r.c.RepositoryConfigurationDelegate : Finished Spring Data repository scanning in 477ms. Found 2 repository interfaces.
2021-05-22 21:26:24.054  INFO 8920 --- [    Test worker] trationDelegate$BeanPostProcessorChecker : Bean 'org.springframework.transaction.annotation.ProxyTransactionManagementConfiguration' of type [org.springframework.transaction.annotation.ProxyTransactionManagementConfiguration$$EnhancerBySpringCGLIB$$88ebc95a] is not eligible for getting processed by all BeanPostProcessors (for example: not eligible for auto-proxying)
2021-05-22 21:26:24.526  INFO 8920 --- [    Test worker] com.zaxxer.hikari.HikariDataSource       : HikariPool-1 - Starting...
2021-05-22 21:26:24.786  INFO 8920 --- [    Test worker] com.zaxxer.hikari.HikariDataSource       : HikariPool-1 - Start completed.
2021-05-22 21:26:25.107  INFO 8920 --- [    Test worker] o.hibernate.jpa.internal.util.LogHelper  : HHH000204: Processing PersistenceUnitInfo [
	name: default
	...]
2021-05-22 21:26:25.248  INFO 8920 --- [    Test worker] org.hibernate.Version                    : HHH000412: Hibernate Core {5.3.10.Final}
2021-05-22 21:26:25.250  INFO 8920 --- [    Test worker] org.hibernate.cfg.Environment            : HHH000206: hibernate.properties not found
2021-05-22 21:26:25.580  INFO 8920 --- [    Test worker] o.hibernate.annotations.common.Version   : HCANN000001: Hibernate Commons Annotations {5.0.4.Final}
2021-05-22 21:26:25.869  INFO 8920 --- [    Test worker] org.hibernate.dialect.Dialect            : HHH000400: Using dialect: org.hibernate.dialect.MySQL5InnoDBDialect
>>>>>>> 5f5b6888eaa031e07fee0412417b4ac7393e751c
Hibernate: drop table if exists posts
Hibernate: drop table if exists user
Hibernate: create table posts (id bigint not null auto_increment, created_date datetime, modified_date datetime, author varchar(255), content TEXT not null, title varchar(500) not null, primary key (id)) engine=InnoDB
Hibernate: create table user (id bigint not null auto_increment, created_date datetime, modified_date datetime, email varchar(255), name varchar(255) not null, picture varchar(255), role varchar(255) not null, primary key (id)) engine=InnoDB
<<<<<<< HEAD
2021-05-22 11:06:23.024  INFO 31574 --- [    Test worker] o.h.t.schema.internal.SchemaCreatorImpl  : HHH000476: Executing import script 'org.hibernate.tool.schema.internal.exec.ScriptSourceInputNonExistentImpl@5a3b1322'
2021-05-22 11:06:23.031  INFO 31574 --- [    Test worker] j.LocalContainerEntityManagerFactoryBean : Initialized JPA EntityManagerFactory for persistence unit 'default'
2021-05-22 11:06:24.314  INFO 31574 --- [    Test worker] o.h.h.i.QueryTranslatorFactoryInitiator  : HHH000397: Using ASTQueryTranslatorFactory
2021-05-22 11:06:24.980  INFO 31574 --- [    Test worker] o.s.s.web.DefaultSecurityFilterChain     : Creating filter chain: any request, [org.springframework.security.web.context.request.async.WebAsyncManagerIntegrationFilter@7116ef80, org.springframework.security.web.context.SecurityContextPersistenceFilter@398cbd87, org.springframework.security.web.header.HeaderWriterFilter@22943366, org.springframework.security.web.authentication.logout.LogoutFilter@5b5c588f, org.springframework.security.oauth2.client.web.OAuth2AuthorizationRequestRedirectFilter@317a65ae, org.springframework.security.oauth2.client.web.OAuth2LoginAuthenticationFilter@394ec58a, org.springframework.security.web.authentication.ui.DefaultLoginPageGeneratingFilter@7e0ad71, org.springframework.security.web.authentication.ui.DefaultLogoutPageGeneratingFilter@457ef53a, org.springframework.security.web.savedrequest.RequestCacheAwareFilter@47e504e8, org.springframework.security.web.servletapi.SecurityContextHolderAwareRequestFilter@44e91071, org.springframework.security.web.authentication.AnonymousAuthenticationFilter@ad31a8a, org.springframework.security.web.session.SessionManagementFilter@48b17f72, org.springframework.security.web.access.ExceptionTranslationFilter@3a1881e7, org.springframework.security.web.access.intercept.FilterSecurityInterceptor@90f2fa4]
2021-05-22 11:06:25.804  INFO 31574 --- [    Test worker] o.s.s.concurrent.ThreadPoolTaskExecutor  : Initializing ExecutorService 'applicationTaskExecutor'
2021-05-22 11:06:25.849  WARN 31574 --- [    Test worker] aWebConfiguration$JpaWebMvcConfiguration : spring.jpa.open-in-view is enabled by default. Therefore, database queries may be performed during view rendering. Explicitly configure spring.jpa.open-in-view to disable this warning
2021-05-22 11:06:25.931  INFO 31574 --- [    Test worker] o.s.b.a.w.s.WelcomePageHandlerMapping    : Adding welcome page template: index
2021-05-22 11:06:26.846  INFO 31574 --- [    Test worker] s.a.ScheduledAnnotationBeanPostProcessor : No TaskScheduler/ScheduledExecutorService bean found for scheduled processing
2021-05-22 11:06:26.877  INFO 31574 --- [    Test worker] com.domain.posts.PostsRepositoryTest     : Started PostsRepositoryTest in 9.903 seconds (JVM running for 20.297)
=======
2021-05-22 21:26:27.176  INFO 8920 --- [    Test worker] o.h.t.schema.internal.SchemaCreatorImpl  : HHH000476: Executing import script 'org.hibernate.tool.schema.internal.exec.ScriptSourceInputNonExistentImpl@31eea70c'
2021-05-22 21:26:27.181  INFO 8920 --- [    Test worker] j.LocalContainerEntityManagerFactoryBean : Initialized JPA EntityManagerFactory for persistence unit 'default'
2021-05-22 21:26:28.180  INFO 8920 --- [    Test worker] o.h.h.i.QueryTranslatorFactoryInitiator  : HHH000397: Using ASTQueryTranslatorFactory
2021-05-22 21:26:29.103  INFO 8920 --- [    Test worker] o.s.s.web.DefaultSecurityFilterChain     : Creating filter chain: any request, [org.springframework.security.web.context.request.async.WebAsyncManagerIntegrationFilter@333e7fca, org.springframework.security.web.context.SecurityContextPersistenceFilter@2286989c, org.springframework.security.web.header.HeaderWriterFilter@5257f996, org.springframework.security.web.authentication.logout.LogoutFilter@59071293, org.springframework.security.oauth2.client.web.OAuth2AuthorizationRequestRedirectFilter@6c5a7e6d, org.springframework.security.oauth2.client.web.OAuth2LoginAuthenticationFilter@67198d1d, org.springframework.security.web.authentication.ui.DefaultLoginPageGeneratingFilter@3323b2b7, org.springframework.security.web.authentication.ui.DefaultLogoutPageGeneratingFilter@6780f2cd, org.springframework.security.web.savedrequest.RequestCacheAwareFilter@4eaa0344, org.springframework.security.web.servletapi.SecurityContextHolderAwareRequestFilter@58330a61, org.springframework.security.web.authentication.AnonymousAuthenticationFilter@44652e9b, org.springframework.security.web.session.SessionManagementFilter@79a30ef5, org.springframework.security.web.access.ExceptionTranslationFilter@56023ddf, org.springframework.security.web.access.intercept.FilterSecurityInterceptor@26bc693d]
2021-05-22 21:26:30.048  INFO 8920 --- [    Test worker] o.s.s.concurrent.ThreadPoolTaskExecutor  : Initializing ExecutorService 'applicationTaskExecutor'
2021-05-22 21:26:30.143  WARN 8920 --- [    Test worker] aWebConfiguration$JpaWebMvcConfiguration : spring.jpa.open-in-view is enabled by default. Therefore, database queries may be performed during view rendering. Explicitly configure spring.jpa.open-in-view to disable this warning
2021-05-22 21:26:30.212  INFO 8920 --- [    Test worker] o.s.b.a.w.s.WelcomePageHandlerMapping    : Adding welcome page template: index
2021-05-22 21:26:31.007  INFO 8920 --- [    Test worker] s.a.ScheduledAnnotationBeanPostProcessor : No TaskScheduler/ScheduledExecutorService bean found for scheduled processing
2021-05-22 21:26:31.025  INFO 8920 --- [    Test worker] com.domain.posts.PostsRepositoryTest     : Started PostsRepositoryTest in 11.219 seconds (JVM running for 12.624)
>>>>>>> 5f5b6888eaa031e07fee0412417b4ac7393e751c
Hibernate: insert into posts (created_date, modified_date, author, content, title) values (?, ?, ?, ?, ?)
Hibernate: select posts0_.id as id1_0_, posts0_.created_date as created_2_0_, posts0_.modified_date as modified3_0_, posts0_.author as author4_0_, posts0_.content as content5_0_, posts0_.title as title6_0_ from posts posts0_
Hibernate: select posts0_.id as id1_0_, posts0_.created_date as created_2_0_, posts0_.modified_date as modified3_0_, posts0_.author as author4_0_, posts0_.content as content5_0_, posts0_.title as title6_0_ from posts posts0_
Hibernate: delete from posts where id=?
Hibernate: insert into posts (created_date, modified_date, author, content, title) values (?, ?, ?, ?, ?)
Hibernate: select posts0_.id as id1_0_, posts0_.created_date as created_2_0_, posts0_.modified_date as modified3_0_, posts0_.author as author4_0_, posts0_.content as content5_0_, posts0_.title as title6_0_ from posts posts0_
<<<<<<< HEAD
>>>>createDate=2021-05-22T11:06:27.302,modifiedDate=2021-05-22T11:06:27.302
=======
>>>>createDate=2021-05-22T21:26:31.447,modifiedDate=2021-05-22T21:26:31.447
>>>>>>> 5f5b6888eaa031e07fee0412417b4ac7393e751c
Hibernate: select posts0_.id as id1_0_, posts0_.created_date as created_2_0_, posts0_.modified_date as modified3_0_, posts0_.author as author4_0_, posts0_.content as content5_0_, posts0_.title as title6_0_ from posts posts0_
Hibernate: delete from posts where id=?
]]></system-out>
  <system-err><![CDATA[]]></system-err>
</testsuite>
